"//StuHome/HomeDrive1$/1804281/Desktop/TheVeil/Content/Blueprints/HighScoreBoard.uasset" 0
"//StuHome/HomeDrive1$/1804281/Desktop/TheVeil/Content/Blueprints/HighScoreSave.uasset" 1
"../../../Engine/Content/EditorBlueprintResources/StandardMacros.uasset" 2
"../../../Engine/Content/BasicShapes/BasicShapeMaterial.uasset" 3
"//StuHome/HomeDrive1$/1804281/Desktop/TheVeil/Content/Materials/Test_Materials/Black.uasset" 4
"//StuHome/HomeDrive1$/1804281/Desktop/TheVeil/Content/StarterContent/Textures/T_Brick_Clay_Beveled_D.uasset" 5
"//StuHome/HomeDrive1$/1804281/Desktop/TheVeil/Content/StarterContent/Textures/T_Brick_Clay_Beveled_M.uasset" 6
"//StuHome/HomeDrive1$/1804281/Desktop/TheVeil/Content/StarterContent/Textures/T_Brick_Clay_Beveled_N.uasset" 7
"//StuHome/HomeDrive1$/1804281/Desktop/TheVeil/Content/StarterContent/Textures/T_MacroVariation.uasset" 8
"//StuHome/HomeDrive1$/1804281/Desktop/TheVeil/Content/StarterContent/Materials/M_Brick_Clay_Beveled.uasset" 9
"../../../Engine/Content/Functions/Engine_MaterialFunctions01/Opacity/CameraDepthFade.uasset" 10
"../../../Engine/Content/EngineMaterials/T_Default_Material_Grid_M.uasset" 11
"../../../Engine/Content/EngineMaterials/T_Default_Material_Grid_N.uasset" 12
"../../../Engine/Content/EngineMaterials/WorldGridMaterial.uasset" 13
"../../../Engine/Content/BasicShapes/Cube.uasset" 14
"../../../Engine/Content/BasicShapes/Plane.uasset" 15
"//StuHome/HomeDrive1$/1804281/Desktop/TheVeil/Content/Materials/Textures/Cloud_Texture.uasset" 16
"//StuHome/HomeDrive1$/1804281/Desktop/TheVeil/Content/Materials/Textures/Clouds.uasset" 17
"//StuHome/HomeDrive1$/1804281/Desktop/TheVeil/Content/Materials/Test_Materials/Cloud_Floor.uasset" 18
"//StuHome/HomeDrive1$/1804281/Desktop/TheVeil/Content/Meshes/Test_Meshes/SM_Cloud_Floor.uasset" 19
"../../../Engine/Content/Functions/Engine_MaterialFunctions01/Gradient/LinearGradient.uasset" 20
"//StuHome/HomeDrive1$/1804281/Desktop/TheVeil/Content/Materials/Textures/Tex_Grass_1.uasset" 21
"//StuHome/HomeDrive1$/1804281/Desktop/TheVeil/Content/Materials/Environment_Mats/Tex_Grass_1_Mat.uasset" 22
"//StuHome/HomeDrive1$/1804281/Desktop/TheVeil/Content/Materials/Textures/Tex_Rocks_1.uasset" 23
"//StuHome/HomeDrive1$/1804281/Desktop/TheVeil/Content/Materials/Environment_Mats/Tex_Rocks_1_Mat.uasset" 24
"//StuHome/HomeDrive1$/1804281/Desktop/TheVeil/Content/Materials/Textures/Tex_Rocks_2.uasset" 25
"//StuHome/HomeDrive1$/1804281/Desktop/TheVeil/Content/Materials/Environment_Mats/Tex_Rocks_2_Mat.uasset" 26
"//StuHome/HomeDrive1$/1804281/Desktop/TheVeil/Content/Materials/Textures/Tex_Trees_1.uasset" 27
"//StuHome/HomeDrive1$/1804281/Desktop/TheVeil/Content/Materials/Environment_Mats/Tex_Trees_1_Mat.uasset" 28
"//StuHome/HomeDrive1$/1804281/Desktop/TheVeil/Content/Materials/Textures/Tex_Trees_3.uasset" 29
"//StuHome/HomeDrive1$/1804281/Desktop/TheVeil/Content/Materials/Environment_Mats/Tex_Trees_3_Mat.uasset" 30
"//StuHome/HomeDrive1$/1804281/Desktop/TheVeil/Content/Materials/Textures/Tex_Trees_4.uasset" 31
"//StuHome/HomeDrive1$/1804281/Desktop/TheVeil/Content/Materials/Environment_Mats/Tex_Trees_4_Mat.uasset" 32
"//StuHome/HomeDrive1$/1804281/Desktop/TheVeil/Content/Meshes/Tile_Compositions/Roman_Woods/Medium/SM_Back_Plane_Comp.uasset" 33
"//StuHome/HomeDrive1$/1804281/Desktop/TheVeil/Content/Materials/Textures/Tex_Stone_Work_1.uasset" 34
"//StuHome/HomeDrive1$/1804281/Desktop/TheVeil/Content/Materials/Environment_Mats/Tex_Stone_Work_1_Mat.uasset" 35
"//StuHome/HomeDrive1$/1804281/Desktop/TheVeil/Content/Meshes/Tile_Compositions/Roman_Woods/Medium/SM_Front_Plane_Comp.uasset" 36
"//StuHome/HomeDrive1$/1804281/Desktop/TheVeil/Content/Meshes/Tile_Compositions/Roman_Woods/Medium/SM_Mid_Plane_Comp.uasset" 37
"//StuHome/HomeDrive1$/1804281/Desktop/TheVeil/Content/Blueprints/Biome1_Tile1.uasset" 38
"../../../Engine/Content/Functions/Engine_MaterialFunctions02/Texturing/ScreenAlignedPixelToPixelUVs.uasset" 39
"../../../Engine/Content/EngineMaterials/Good64x64TilingNoiseHighFreq.uasset" 40
"../../../Engine/Content/Functions/Engine_MaterialFunctions02/Utility/DitherTemporalAA.uasset" 41
"//StuHome/HomeDrive1$/1804281/Desktop/TheVeil/Content/Materials/Test_Materials/Tex_Grass_Flip_1_Mat.uasset" 42
"//StuHome/HomeDrive1$/1804281/Desktop/TheVeil/Content/Materials/Textures/Test_Stars.uasset" 43
"//StuHome/HomeDrive1$/1804281/Desktop/TheVeil/Content/Materials/Test_Materials/Tex_Trees_Flip_3_Mat.uasset" 44
"//StuHome/HomeDrive1$/1804281/Desktop/TheVeil/Content/Meshes/Test_Meshes/SM_Heavy_Woods_Reverse_Test.uasset" 45
"//StuHome/HomeDrive1$/1804281/Desktop/TheVeil/Content/Meshes/Tile_Compositions/Roman_Woods/Heavy/SM_Thick_Woods_Back.uasset" 46
"//StuHome/HomeDrive1$/1804281/Desktop/TheVeil/Content/Meshes/Tile_Compositions/Roman_Woods/Heavy/SM_Thick_Woods_Front.uasset" 47
"//StuHome/HomeDrive1$/1804281/Desktop/TheVeil/Content/Meshes/Tile_Compositions/Roman_Woods/Heavy/SM_Thick_Woods_Mid.uasset" 48
"//StuHome/HomeDrive1$/1804281/Desktop/TheVeil/Content/Blueprints/Biome1_Tile2.uasset" 49
"//StuHome/HomeDrive1$/1804281/Desktop/TheVeil/Content/Blueprints/Biome1_Tile3.uasset" 50
"//StuHome/HomeDrive1$/1804281/Desktop/TheVeil/Content/Blueprints/Biome2_Tile1.uasset" 51
"//StuHome/HomeDrive1$/1804281/Desktop/TheVeil/Content/Blueprints/Biome2_Tile2.uasset" 52
"//StuHome/HomeDrive1$/1804281/Desktop/TheVeil/Content/Blueprints/Biome2_Tile3.uasset" 53
"//StuHome/HomeDrive1$/1804281/Desktop/TheVeil/Content/Blueprints/Biome3_Tile1.uasset" 54
"//StuHome/HomeDrive1$/1804281/Desktop/TheVeil/Content/Blueprints/Biome3_Tile2.uasset" 55
"//StuHome/HomeDrive1$/1804281/Desktop/TheVeil/Content/Blueprints/Biome3_Tile3.uasset" 56
"//StuHome/HomeDrive1$/1804281/Desktop/TheVeil/Content/Blueprints/Managers_and_Spawners/BiomeManager.uasset" 57
"//StuHome/HomeDrive1$/1804281/Desktop/TheVeil/Content/Blueprints/BasePickup.uasset" 58
"//StuHome/HomeDrive1$/1804281/Desktop/TheVeil/Content/Audio/SoundFX/Pickups/HeartPickup.uasset" 59
"../../Plugins/2D/Paper2D/Content/PlaceholderTextures/DummySpriteTexture.uasset" 60
"../../Plugins/2D/Paper2D/Content/DefaultSpriteMaterial.uasset" 61
"../../Plugins/2D/Paper2D/Content/TranslucentUnlitSpriteMaterial.uasset" 62
"//StuHome/HomeDrive1$/1804281/Desktop/TheVeil/Content/Materials/Pickups/Animations/Error/firelypickup_00000.uasset" 63
"//StuHome/HomeDrive1$/1804281/Desktop/TheVeil/Content/Materials/Pickups/Animations/Error/firelypickup_00000_Sprite.uasset" 64
"//StuHome/HomeDrive1$/1804281/Desktop/TheVeil/Content/Materials/Pickups/Animations/Error/firelypickup_00001.uasset" 65
"//StuHome/HomeDrive1$/1804281/Desktop/TheVeil/Content/Materials/Pickups/Animations/Error/firelypickup_00001_Sprite.uasset" 66
"//StuHome/HomeDrive1$/1804281/Desktop/TheVeil/Content/Materials/Pickups/Animations/Error/firelypickup_00002.uasset" 67
"//StuHome/HomeDrive1$/1804281/Desktop/TheVeil/Content/Materials/Pickups/Animations/Error/firelypickup_00002_Sprite.uasset" 68
"//StuHome/HomeDrive1$/1804281/Desktop/TheVeil/Content/Materials/Pickups/Animations/Error/firelypickup_00003.uasset" 69
"//StuHome/HomeDrive1$/1804281/Desktop/TheVeil/Content/Materials/Pickups/Animations/Error/firelypickup_00003_Sprite.uasset" 70
"//StuHome/HomeDrive1$/1804281/Desktop/TheVeil/Content/Materials/Pickups/Animations/Error/firelypickup_00004.uasset" 71
"//StuHome/HomeDrive1$/1804281/Desktop/TheVeil/Content/Materials/Pickups/Animations/Error/firelypickup_00004_Sprite.uasset" 72
"//StuHome/HomeDrive1$/1804281/Desktop/TheVeil/Content/Materials/Pickups/Animations/Error/firelypickup_00005.uasset" 73
"//StuHome/HomeDrive1$/1804281/Desktop/TheVeil/Content/Materials/Pickups/Animations/Error/firelypickup_00005_Sprite.uasset" 74
"//StuHome/HomeDrive1$/1804281/Desktop/TheVeil/Content/Materials/Pickups/Animations/Error/firelypickup_00006.uasset" 75
"//StuHome/HomeDrive1$/1804281/Desktop/TheVeil/Content/Materials/Pickups/Animations/Error/firelypickup_00006_Sprite.uasset" 76
"//StuHome/HomeDrive1$/1804281/Desktop/TheVeil/Content/Materials/Pickups/Animations/Error/fairyVanish_FB.uasset" 77
"//StuHome/HomeDrive1$/1804281/Desktop/TheVeil/Content/Materials/Pickups/ErrorBarPickup_Sprite.uasset" 78
"//StuHome/HomeDrive1$/1804281/Desktop/TheVeil/Content/Materials/Pickups/FB_ErrorTolerancePickup.uasset" 79
"//StuHome/HomeDrive1$/1804281/Desktop/TheVeil/Content/Blueprints/ErrorBarClearPickup.uasset" 80
"//StuHome/HomeDrive1$/1804281/Desktop/TheVeil/Content/Materials/Pickups/Animations/Heart/heartvanish1.uasset" 81
"//StuHome/HomeDrive1$/1804281/Desktop/TheVeil/Content/Materials/Pickups/Animations/Heart/heartvanish1_Sprite.uasset" 82
"//StuHome/HomeDrive1$/1804281/Desktop/TheVeil/Content/Materials/Pickups/Animations/Heart/heartvanish2.uasset" 83
"//StuHome/HomeDrive1$/1804281/Desktop/TheVeil/Content/Materials/Pickups/Animations/Heart/heartvanish2_Sprite.uasset" 84
"//StuHome/HomeDrive1$/1804281/Desktop/TheVeil/Content/Materials/Pickups/Animations/Heart/heartvanish3.uasset" 85
"//StuHome/HomeDrive1$/1804281/Desktop/TheVeil/Content/Materials/Pickups/Animations/Heart/heartvanish3_Sprite.uasset" 86
"//StuHome/HomeDrive1$/1804281/Desktop/TheVeil/Content/Materials/Pickups/Animations/Heart/heartvanish4.uasset" 87
"//StuHome/HomeDrive1$/1804281/Desktop/TheVeil/Content/Materials/Pickups/Animations/Heart/heartvanish4_Sprite.uasset" 88
"//StuHome/HomeDrive1$/1804281/Desktop/TheVeil/Content/Materials/Pickups/Animations/Heart/heartvanish5.uasset" 89
"//StuHome/HomeDrive1$/1804281/Desktop/TheVeil/Content/Materials/Pickups/Animations/Heart/heartvanish5_Sprite.uasset" 90
"//StuHome/HomeDrive1$/1804281/Desktop/TheVeil/Content/Materials/Pickups/Animations/Heart/heartvanish6.uasset" 91
"//StuHome/HomeDrive1$/1804281/Desktop/TheVeil/Content/Materials/Pickups/Animations/Heart/heartvanish6_Sprite.uasset" 92
"//StuHome/HomeDrive1$/1804281/Desktop/TheVeil/Content/Materials/Pickups/Animations/Heart/heartvanish7.uasset" 93
"//StuHome/HomeDrive1$/1804281/Desktop/TheVeil/Content/Materials/Pickups/Animations/Heart/heartvanish7_Sprite.uasset" 94
"//StuHome/HomeDrive1$/1804281/Desktop/TheVeil/Content/Materials/Pickups/Animations/Heart/heartvanish8.uasset" 95
"//StuHome/HomeDrive1$/1804281/Desktop/TheVeil/Content/Materials/Pickups/Animations/Heart/heartvanish8_Sprite.uasset" 96
"//StuHome/HomeDrive1$/1804281/Desktop/TheVeil/Content/Materials/Pickups/Animations/Heart/HeartVanish_FB.uasset" 97
"//StuHome/HomeDrive1$/1804281/Desktop/TheVeil/Content/UI/CharacterHUD/newFilledHeart.uasset" 98
"//StuHome/HomeDrive1$/1804281/Desktop/TheVeil/Content/Materials/Pickups/newFilledHeart_Sprite.uasset" 99
"//StuHome/HomeDrive1$/1804281/Desktop/TheVeil/Content/Materials/Pickups/FB_NewHeart.uasset" 100
"//StuHome/HomeDrive1$/1804281/Desktop/TheVeil/Content/Blueprints/HealthPickup.uasset" 101
"//StuHome/HomeDrive1$/1804281/Desktop/TheVeil/Content/Blueprints/Managers_and_Spawners/PickupSpawner.uasset" 102
"//StuHome/HomeDrive1$/1804281/Desktop/TheVeil/Content/UI/CharacterHUD/newEmptyHeart.uasset" 103
"//StuHome/HomeDrive1$/1804281/Desktop/TheVeil/Content/UI/CharacterHUD/HeartWidget.uasset" 104
"//StuHome/HomeDrive1$/1804281/Desktop/TheVeil/Content/UI/Fonts/Kalam-Bold.uasset" 105
"//StuHome/HomeDrive1$/1804281/Desktop/TheVeil/Content/UI/Fonts/Kalam-Bold_Font.uasset" 106
"//StuHome/HomeDrive1$/1804281/Desktop/TheVeil/Content/UI/CharacterHUD/UIPrototype.uasset" 107
"//StuHome/HomeDrive1$/1804281/Desktop/TheVeil/Content/UI/CharacterHUD/CharacterHUD.uasset" 108
"//StuHome/HomeDrive1$/1804281/Desktop/TheVeil/Content/Blueprints/Managers_and_Spawners/DifficultyManager.uasset" 109
"//StuHome/HomeDrive1$/1804281/Desktop/TheVeil/Content/Blueprints/DifficultyStructures/ActorClassStruct.uasset" 110
"//StuHome/HomeDrive1$/1804281/Desktop/TheVeil/Content/Materials/Tears/eyeletTxt.uasset" 111
"//StuHome/HomeDrive1$/1804281/Desktop/TheVeil/Content/Materials/Tears/eyeletTxtMask.uasset" 112
"//StuHome/HomeDrive1$/1804281/Desktop/TheVeil/Content/Materials/Red.uasset" 113
"//StuHome/HomeDrive1$/1804281/Desktop/TheVeil/Content/Materials/Tears/Textures/Tear3Eyelets_1.uasset" 114
"//StuHome/HomeDrive1$/1804281/Desktop/TheVeil/Content/Materials/Textures/White_Band_Thick.uasset" 115
"//StuHome/HomeDrive1$/1804281/Desktop/TheVeil/Content/Materials/Tears/TearMaterial.uasset" 116
"../../../Engine/Content/EngineMaterials/DefaultMaterial.uasset" 117
"../../../Engine/Content/BasicShapes/Sphere.uasset" 118
"//StuHome/HomeDrive1$/1804281/Desktop/TheVeil/Content/Blueprints/TearsBP/Tear3Eyelets_1.uasset" 119
"//StuHome/HomeDrive1$/1804281/Desktop/TheVeil/Content/Blueprints/TearsBP/Tear3Eyelets_2.uasset" 120
"//StuHome/HomeDrive1$/1804281/Desktop/TheVeil/Content/Blueprints/TearsBP/Tear3Eyelets_3.uasset" 121
"//StuHome/HomeDrive1$/1804281/Desktop/TheVeil/Content/Blueprints/TearsBP/Tear3Eyelets_4.uasset" 122
"//StuHome/HomeDrive1$/1804281/Desktop/TheVeil/Content/Blueprints/TearsBP/Tear3Eyelets_5.uasset" 123
"//StuHome/HomeDrive1$/1804281/Desktop/TheVeil/Content/Blueprints/TearsBP/Tear3Eyelets_6.uasset" 124
"//StuHome/HomeDrive1$/1804281/Desktop/TheVeil/Content/Blueprints/DifficultyStructures/Tears3.uasset" 125
"//StuHome/HomeDrive1$/1804281/Desktop/TheVeil/Content/Blueprints/TearsBP/Tear4Eyelets_1.uasset" 126
"//StuHome/HomeDrive1$/1804281/Desktop/TheVeil/Content/Blueprints/TearsBP/Tear4Eyelets_2.uasset" 127
"//StuHome/HomeDrive1$/1804281/Desktop/TheVeil/Content/Blueprints/TearsBP/Tear4Eyelets_3.uasset" 128
"//StuHome/HomeDrive1$/1804281/Desktop/TheVeil/Content/Blueprints/TearsBP/Tear4Eyelets_4.uasset" 129
"//StuHome/HomeDrive1$/1804281/Desktop/TheVeil/Content/Blueprints/TearsBP/Tear4Eyelets_5.uasset" 130
"//StuHome/HomeDrive1$/1804281/Desktop/TheVeil/Content/Blueprints/TearsBP/Tear4Eyelets_6.uasset" 131
"//StuHome/HomeDrive1$/1804281/Desktop/TheVeil/Content/Blueprints/TearsBP/Tear4Eyelets_8.uasset" 132
"//StuHome/HomeDrive1$/1804281/Desktop/TheVeil/Content/Blueprints/DifficultyStructures/Tears4.uasset" 133
"//StuHome/HomeDrive1$/1804281/Desktop/TheVeil/Content/Blueprints/TearsBP/Tear5Eyelets_1.uasset" 134
"//StuHome/HomeDrive1$/1804281/Desktop/TheVeil/Content/Blueprints/TearsBP/Tear5Eyelets_2.uasset" 135
"//StuHome/HomeDrive1$/1804281/Desktop/TheVeil/Content/Blueprints/TearsBP/Tear5Eyelets_3.uasset" 136
"//StuHome/HomeDrive1$/1804281/Desktop/TheVeil/Content/Blueprints/TearsBP/Tear5Eyelets_4.uasset" 137
"//StuHome/HomeDrive1$/1804281/Desktop/TheVeil/Content/Blueprints/TearsBP/Tear5Eyelets_5.uasset" 138
"//StuHome/HomeDrive1$/1804281/Desktop/TheVeil/Content/Blueprints/TearsBP/Tear5Eyelets_6.uasset" 139
"//StuHome/HomeDrive1$/1804281/Desktop/TheVeil/Content/Blueprints/TearsBP/Tear5Eyelets_7.uasset" 140
"//StuHome/HomeDrive1$/1804281/Desktop/TheVeil/Content/Blueprints/TearsBP/Tear5Eyelets_8.uasset" 141
"//StuHome/HomeDrive1$/1804281/Desktop/TheVeil/Content/Blueprints/DifficultyStructures/Tears5.uasset" 142
"//StuHome/HomeDrive1$/1804281/Desktop/TheVeil/Content/Blueprints/TearsBP/Tear6Eyelets_1.uasset" 143
"//StuHome/HomeDrive1$/1804281/Desktop/TheVeil/Content/Blueprints/TearsBP/Tear6Eyelets_2.uasset" 144
"//StuHome/HomeDrive1$/1804281/Desktop/TheVeil/Content/Blueprints/TearsBP/Tear6Eyelets_3.uasset" 145
"//StuHome/HomeDrive1$/1804281/Desktop/TheVeil/Content/Blueprints/TearsBP/Tear6Eyelets_4.uasset" 146
"//StuHome/HomeDrive1$/1804281/Desktop/TheVeil/Content/Blueprints/TearsBP/Tear6Eyelets_5.uasset" 147
"//StuHome/HomeDrive1$/1804281/Desktop/TheVeil/Content/Blueprints/TearsBP/Tear6Eyelets_6.uasset" 148
"//StuHome/HomeDrive1$/1804281/Desktop/TheVeil/Content/Blueprints/TearsBP/Tear6Eyelets_7.uasset" 149
"//StuHome/HomeDrive1$/1804281/Desktop/TheVeil/Content/Blueprints/TearsBP/Tear6Eyelets_8.uasset" 150
"//StuHome/HomeDrive1$/1804281/Desktop/TheVeil/Content/Blueprints/DifficultyStructures/Tears6.uasset" 151
"//StuHome/HomeDrive1$/1804281/Desktop/TheVeil/Content/Blueprints/TearsBP/Tear7Eyelets_1.uasset" 152
"//StuHome/HomeDrive1$/1804281/Desktop/TheVeil/Content/Blueprints/TearsBP/Tear7Eyelets_2.uasset" 153
"//StuHome/HomeDrive1$/1804281/Desktop/TheVeil/Content/Blueprints/TearsBP/Tear7Eyelets_3.uasset" 154
"//StuHome/HomeDrive1$/1804281/Desktop/TheVeil/Content/Blueprints/TearsBP/Tear7Eyelets_4.uasset" 155
"//StuHome/HomeDrive1$/1804281/Desktop/TheVeil/Content/Blueprints/TearsBP/Tear7Eyelets_5.uasset" 156
"//StuHome/HomeDrive1$/1804281/Desktop/TheVeil/Content/Blueprints/DifficultyStructures/Tears7.uasset" 157
"//StuHome/HomeDrive1$/1804281/Desktop/TheVeil/Content/Blueprints/TearsBP/Tear8Eyelets_1.uasset" 158
"//StuHome/HomeDrive1$/1804281/Desktop/TheVeil/Content/Blueprints/TearsBP/Tear8Eyelets_2.uasset" 159
"//StuHome/HomeDrive1$/1804281/Desktop/TheVeil/Content/Blueprints/TearsBP/Tear8Eyelets_3.uasset" 160
"//StuHome/HomeDrive1$/1804281/Desktop/TheVeil/Content/Blueprints/TearsBP/Tear8Eyelets_4.uasset" 161
"//StuHome/HomeDrive1$/1804281/Desktop/TheVeil/Content/Blueprints/TearsBP/Tear8Eyelets_5.uasset" 162
"//StuHome/HomeDrive1$/1804281/Desktop/TheVeil/Content/Blueprints/TearsBP/Tear8Eyelets_6.uasset" 163
"//StuHome/HomeDrive1$/1804281/Desktop/TheVeil/Content/Blueprints/TearsBP/Tear8Eyelets_7.uasset" 164
"//StuHome/HomeDrive1$/1804281/Desktop/TheVeil/Content/Blueprints/TearsBP/Tear8Eyelets_8.uasset" 165
"//StuHome/HomeDrive1$/1804281/Desktop/TheVeil/Content/Blueprints/DifficultyStructures/Tears8.uasset" 166
"//StuHome/HomeDrive1$/1804281/Desktop/TheVeil/Content/Blueprints/Managers_and_Spawners/TearSpawner.uasset" 167
"//StuHome/HomeDrive1$/1804281/Desktop/TheVeil/Content/Blueprints/VeilGameInstance.uasset" 168
"//StuHome/HomeDrive1$/1804281/Desktop/TheVeil/Content/UI/CharacterHUD/TutorialHUD.uasset" 169
"//StuHome/HomeDrive1$/1804281/Desktop/TheVeil/Content/Blueprints/Managers_and_Spawners/TutorialManager.uasset" 170
"//StuHome/HomeDrive1$/1804281/Desktop/TheVeil/Content/Blueprints/Managers_and_Spawners/TileSpawner.uasset" 171
"//StuHome/HomeDrive1$/1804281/Desktop/TheVeil/Content/Blueprints/Managers_and_Spawners/EnemySpawner.uasset" 172
"../../../Engine/Content/Functions/Engine_MaterialFunctions02/Utility/Sign.uasset" 173
"../../../Engine/Content/Functions/Engine_MaterialFunctions02/Utility/Round.uasset" 174
"../../../Engine/Content/Functions/Engine_MaterialFunctions02/ExampleContent/Textures/flipbook.uasset" 175
"../../../Engine/Content/Functions/Engine_MaterialFunctions02/Texturing/FlipBook.uasset" 176
"//StuHome/HomeDrive1$/1804281/Desktop/TheVeil/Content/Materials/Enemies/Textures/Sheets/flameSheet.uasset" 177
"//StuHome/HomeDrive1$/1804281/Desktop/TheVeil/Content/Materials/Enemies/Textures/Sheets/maskedFlameSheet.uasset" 178
"//StuHome/HomeDrive1$/1804281/Desktop/TheVeil/Content/Materials/Enemies/newFlameMat.uasset" 179
"//StuHome/HomeDrive1$/1804281/Desktop/TheVeil/Content/Audio/SoundFX/Enemy/EnemyAttack.uasset" 180
"//StuHome/HomeDrive1$/1804281/Desktop/TheVeil/Content/Audio/SoundFX/Enemy/EnemyDeath1.uasset" 181
"//StuHome/HomeDrive1$/1804281/Desktop/TheVeil/Content/Materials/Enemies/EnemiesFaces/Textures/EnemyFace10.uasset" 182
"//StuHome/HomeDrive1$/1804281/Desktop/TheVeil/Content/Materials/Enemies/EnemiesFaces/Sprites/EnemyFace10_Sprite.uasset" 183
"//StuHome/HomeDrive1$/1804281/Desktop/TheVeil/Content/Materials/Enemies/EnemiesFaces/Flipbooks/EnemyFace1.uasset" 184
"//StuHome/HomeDrive1$/1804281/Desktop/TheVeil/Content/Materials/Enemies/EnemiesFaces/Textures/EnemyFace1.uasset" 185
"//StuHome/HomeDrive1$/1804281/Desktop/TheVeil/Content/Materials/Enemies/EnemiesFaces/Sprites/EnemyFace1_Sprite.uasset" 186
"//StuHome/HomeDrive1$/1804281/Desktop/TheVeil/Content/Materials/Enemies/EnemiesFaces/Flipbooks/EnemyFace2.uasset" 187
"//StuHome/HomeDrive1$/1804281/Desktop/TheVeil/Content/Materials/Enemies/EnemiesFaces/Textures/EnemyFace2.uasset" 188
"//StuHome/HomeDrive1$/1804281/Desktop/TheVeil/Content/Materials/Enemies/EnemiesFaces/Sprites/EnemyFace2_Sprite.uasset" 189
"//StuHome/HomeDrive1$/1804281/Desktop/TheVeil/Content/Materials/Enemies/EnemiesFaces/Flipbooks/EnemyFace3.uasset" 190
"//StuHome/HomeDrive1$/1804281/Desktop/TheVeil/Content/Materials/Enemies/EnemiesFaces/Textures/EnemyFace3.uasset" 191
"//StuHome/HomeDrive1$/1804281/Desktop/TheVeil/Content/Materials/Enemies/EnemiesFaces/Sprites/EnemyFace3_Sprite.uasset" 192
"//StuHome/HomeDrive1$/1804281/Desktop/TheVeil/Content/Materials/Enemies/EnemiesFaces/Flipbooks/EnemyFace4.uasset" 193
"//StuHome/HomeDrive1$/1804281/Desktop/TheVeil/Content/Materials/Enemies/EnemiesFaces/Textures/EnemyFace4.uasset" 194
"//StuHome/HomeDrive1$/1804281/Desktop/TheVeil/Content/Materials/Enemies/EnemiesFaces/Sprites/EnemyFace4_Sprite.uasset" 195
"//StuHome/HomeDrive1$/1804281/Desktop/TheVeil/Content/Materials/Enemies/EnemiesFaces/Flipbooks/EnemyFace5.uasset" 196
"//StuHome/HomeDrive1$/1804281/Desktop/TheVeil/Content/Materials/Enemies/Textures/FlameDeath1.uasset" 197
"//StuHome/HomeDrive1$/1804281/Desktop/TheVeil/Content/Materials/Enemies/Sprites/FlameDeath1_Sprite.uasset" 198
"//StuHome/HomeDrive1$/1804281/Desktop/TheVeil/Content/Materials/Enemies/Textures/FlameDeath2.uasset" 199
"//StuHome/HomeDrive1$/1804281/Desktop/TheVeil/Content/Materials/Enemies/Sprites/FlameDeath2_Sprite.uasset" 200
"//StuHome/HomeDrive1$/1804281/Desktop/TheVeil/Content/Materials/Enemies/Textures/FlameDeath3.uasset" 201
"//StuHome/HomeDrive1$/1804281/Desktop/TheVeil/Content/Materials/Enemies/Sprites/FlameDeath3_Sprite.uasset" 202
"//StuHome/HomeDrive1$/1804281/Desktop/TheVeil/Content/Materials/Enemies/Textures/FlameDeath4.uasset" 203
"//StuHome/HomeDrive1$/1804281/Desktop/TheVeil/Content/Materials/Enemies/Sprites/FlameDeath4_Sprite.uasset" 204
"//StuHome/HomeDrive1$/1804281/Desktop/TheVeil/Content/Materials/Enemies/Flipbooks/dyingFlame.uasset" 205
"//StuHome/HomeDrive1$/1804281/Desktop/TheVeil/Content/Materials/Enemies/Flipbooks/FlameEnemy_FBTRY.uasset" 206
"//StuHome/HomeDrive1$/1804281/Desktop/TheVeil/Content/Materials/Enemies/Textures/Sheets/dieFlameSheet.uasset" 207
"//StuHome/HomeDrive1$/1804281/Desktop/TheVeil/Content/Materials/Enemies/Textures/Sheets/enemyAttackSheet.uasset" 208
"//StuHome/HomeDrive1$/1804281/Desktop/TheVeil/Content/Materials/Enemies/Textures/Sheets/maskedDieFlameSheet.uasset" 209
"//StuHome/HomeDrive1$/1804281/Desktop/TheVeil/Content/Materials/Enemies/Textures/Sheets/maskedEnemyAttackSheet.uasset" 210
"//StuHome/HomeDrive1$/1804281/Desktop/TheVeil/Content/Blueprints/GenericEnemy.uasset" 211
"../../../Engine/Content/Functions/Engine_MaterialFunctions01/WorldPositionOffset/SimpleGrassWind.uasset" 212
"//StuHome/HomeDrive1$/1804281/Desktop/TheVeil/Content/Meshes/TestCloth/Thread_MAT.uasset" 213
"//StuHome/HomeDrive1$/1804281/Desktop/TheVeil/Content/Audio/SoundFX/Menu/pauseOFF.uasset" 214
"//StuHome/HomeDrive1$/1804281/Desktop/TheVeil/Content/Audio/SoundFX/Menu/pauseON.uasset" 215
"//StuHome/HomeDrive1$/1804281/Desktop/TheVeil/Content/Audio/SoundFX/Player/Attack.uasset" 216
"//StuHome/HomeDrive1$/1804281/Desktop/TheVeil/Content/Audio/SoundFX/Player/FlipDown.uasset" 217
"//StuHome/HomeDrive1$/1804281/Desktop/TheVeil/Content/Audio/SoundFX/Player/FlipUp.uasset" 218
"//StuHome/HomeDrive1$/1804281/Desktop/TheVeil/Content/Audio/SoundFX/Player/HitEnemy.uasset" 219
"//StuHome/HomeDrive1$/1804281/Desktop/TheVeil/Content/Audio/SoundFX/Player/Jump.uasset" 220
"//StuHome/HomeDrive1$/1804281/Desktop/TheVeil/Content/Audio/SoundFX/Player/TheEnd.uasset" 221
"//StuHome/HomeDrive1$/1804281/Desktop/TheVeil/Content/Blueprints/AnimationState.uasset" 222
"//StuHome/HomeDrive1$/1804281/Desktop/TheVeil/Content/Materials/Character/Sprites/Frames/Attack1.uasset" 223
"//StuHome/HomeDrive1$/1804281/Desktop/TheVeil/Content/Materials/Character/Sprites/Attack1_Sprite.uasset" 224
"//StuHome/HomeDrive1$/1804281/Desktop/TheVeil/Content/Materials/Character/Sprites/Frames/Attack2.uasset" 225
"//StuHome/HomeDrive1$/1804281/Desktop/TheVeil/Content/Materials/Character/Sprites/Attack2_Sprite.uasset" 226
"//StuHome/HomeDrive1$/1804281/Desktop/TheVeil/Content/Materials/Character/Sprites/Frames/Attack3.uasset" 227
"//StuHome/HomeDrive1$/1804281/Desktop/TheVeil/Content/Materials/Character/Sprites/Attack3_Sprite.uasset" 228
"//StuHome/HomeDrive1$/1804281/Desktop/TheVeil/Content/Materials/Character/Sprites/Frames/Attack4.uasset" 229
"//StuHome/HomeDrive1$/1804281/Desktop/TheVeil/Content/Materials/Character/Sprites/Attack4_Sprite.uasset" 230
"//StuHome/HomeDrive1$/1804281/Desktop/TheVeil/Content/Materials/Character/Flipbooks/Attack.uasset" 231
"//StuHome/HomeDrive1$/1804281/Desktop/TheVeil/Content/Materials/Character/Sprites/Frames/Ouch.uasset" 232
"//StuHome/HomeDrive1$/1804281/Desktop/TheVeil/Content/Materials/Character/Sprites/Ouch_Sprite.uasset" 233
"//StuHome/HomeDrive1$/1804281/Desktop/TheVeil/Content/Materials/Character/Flipbooks/BeingHit.uasset" 234
"//StuHome/HomeDrive1$/1804281/Desktop/TheVeil/Content/Materials/Character/Sprites/Frames/Fall.uasset" 235
"//StuHome/HomeDrive1$/1804281/Desktop/TheVeil/Content/Materials/Character/Sprites/Fall_Sprite.uasset" 236
"//StuHome/HomeDrive1$/1804281/Desktop/TheVeil/Content/Materials/Character/Flipbooks/FallDown.uasset" 237
"//StuHome/HomeDrive1$/1804281/Desktop/TheVeil/Content/Materials/Character/Sprites/Frames/Glide1.uasset" 238
"//StuHome/HomeDrive1$/1804281/Desktop/TheVeil/Content/Materials/Character/Sprites/Glide1_Sprite.uasset" 239
"//StuHome/HomeDrive1$/1804281/Desktop/TheVeil/Content/Materials/Character/Sprites/Frames/Glide2.uasset" 240
"//StuHome/HomeDrive1$/1804281/Desktop/TheVeil/Content/Materials/Character/Sprites/Glide2_Sprite.uasset" 241
"//StuHome/HomeDrive1$/1804281/Desktop/TheVeil/Content/Materials/Character/Sprites/Frames/Glide3.uasset" 242
"//StuHome/HomeDrive1$/1804281/Desktop/TheVeil/Content/Materials/Character/Sprites/Glide3_Sprite.uasset" 243
"//StuHome/HomeDrive1$/1804281/Desktop/TheVeil/Content/Materials/Character/Sprites/Frames/Glide4.uasset" 244
"//StuHome/HomeDrive1$/1804281/Desktop/TheVeil/Content/Materials/Character/Sprites/Glide4_Sprite.uasset" 245
"//StuHome/HomeDrive1$/1804281/Desktop/TheVeil/Content/Materials/Character/Sprites/Frames/Glide5.uasset" 246
"//StuHome/HomeDrive1$/1804281/Desktop/TheVeil/Content/Materials/Character/Sprites/Glide5_Sprite.uasset" 247
"//StuHome/HomeDrive1$/1804281/Desktop/TheVeil/Content/Materials/Character/Flipbooks/Glide.uasset" 248
"//StuHome/HomeDrive1$/1804281/Desktop/TheVeil/Content/Materials/Character/Sprites/Frames/Idle5.uasset" 249
"//StuHome/HomeDrive1$/1804281/Desktop/TheVeil/Content/Materials/Character/Sprites/Idle5_Sprite.uasset" 250
"//StuHome/HomeDrive1$/1804281/Desktop/TheVeil/Content/Materials/Character/Sprites/Frames/Idle6.uasset" 251
"//StuHome/HomeDrive1$/1804281/Desktop/TheVeil/Content/Materials/Character/Sprites/Idle6_Sprite.uasset" 252
"//StuHome/HomeDrive1$/1804281/Desktop/TheVeil/Content/Materials/Character/Sprites/Frames/Idle7.uasset" 253
"//StuHome/HomeDrive1$/1804281/Desktop/TheVeil/Content/Materials/Character/Sprites/Idle7_Sprite.uasset" 254
"//StuHome/HomeDrive1$/1804281/Desktop/TheVeil/Content/Materials/Character/Sprites/Frames/pleaseIdle1.uasset" 255
"//StuHome/HomeDrive1$/1804281/Desktop/TheVeil/Content/Materials/Character/Sprites/pleaseIdle1_Sprite.uasset" 256
"//StuHome/HomeDrive1$/1804281/Desktop/TheVeil/Content/Materials/Character/Sprites/Frames/pleaseIdle2.uasset" 257
"//StuHome/HomeDrive1$/1804281/Desktop/TheVeil/Content/Materials/Character/Sprites/pleaseIdle2_Sprite.uasset" 258
"//StuHome/HomeDrive1$/1804281/Desktop/TheVeil/Content/Materials/Character/Sprites/Frames/pleaseIdle3.uasset" 259
"//StuHome/HomeDrive1$/1804281/Desktop/TheVeil/Content/Materials/Character/Sprites/pleaseIdle3_Sprite.uasset" 260
"//StuHome/HomeDrive1$/1804281/Desktop/TheVeil/Content/Materials/Character/Sprites/Frames/pleaseIdle4.uasset" 261
"//StuHome/HomeDrive1$/1804281/Desktop/TheVeil/Content/Materials/Character/Sprites/pleaseIdle4_Sprite.uasset" 262
"//StuHome/HomeDrive1$/1804281/Desktop/TheVeil/Content/Materials/Character/Flipbooks/Idle.uasset" 263
"//StuHome/HomeDrive1$/1804281/Desktop/TheVeil/Content/Materials/Character/Sprites/Frames/Jump1.uasset" 264
"//StuHome/HomeDrive1$/1804281/Desktop/TheVeil/Content/Materials/Character/Sprites/Jump1_Sprite.uasset" 265
"//StuHome/HomeDrive1$/1804281/Desktop/TheVeil/Content/Materials/Character/Flipbooks/JumpUp.uasset" 266
"//StuHome/HomeDrive1$/1804281/Desktop/TheVeil/Content/Materials/Character/Sprites/Frames/teleport1.uasset" 267
"//StuHome/HomeDrive1$/1804281/Desktop/TheVeil/Content/Materials/Character/Sprites/teleport1_Sprite.uasset" 268
"//StuHome/HomeDrive1$/1804281/Desktop/TheVeil/Content/Materials/Character/Sprites/Frames/teleport2.uasset" 269
"//StuHome/HomeDrive1$/1804281/Desktop/TheVeil/Content/Materials/Character/Sprites/teleport2_Sprite.uasset" 270
"//StuHome/HomeDrive1$/1804281/Desktop/TheVeil/Content/Materials/Character/Sprites/Frames/teleport3.uasset" 271
"//StuHome/HomeDrive1$/1804281/Desktop/TheVeil/Content/Materials/Character/Sprites/teleport3_Sprite.uasset" 272
"//StuHome/HomeDrive1$/1804281/Desktop/TheVeil/Content/Materials/Character/Sprites/Frames/Teleport4.uasset" 273
"//StuHome/HomeDrive1$/1804281/Desktop/TheVeil/Content/Materials/Character/Sprites/Teleport4_Sprite.uasset" 274
"//StuHome/HomeDrive1$/1804281/Desktop/TheVeil/Content/Materials/Character/Flipbooks/Teleport.uasset" 275
"//StuHome/HomeDrive1$/1804281/Desktop/TheVeil/Content/Meshes/TestCloth/SM_New_Flag_Test_PhysicsAsset.uasset" 276
"//StuHome/HomeDrive1$/1804281/Desktop/TheVeil/Content/Meshes/TestCloth/SM_New_Flag_Test_Skeleton.uasset" 277
"//StuHome/HomeDrive1$/1804281/Desktop/TheVeil/Content/Meshes/TestCloth/SM_New_Flag_Test.uasset" 278
"//StuHome/HomeDrive1$/1804281/Desktop/TheVeil/Content/Audio/SoundFX/Menu/ButtonClick.uasset" 279
"//StuHome/HomeDrive1$/1804281/Desktop/TheVeil/Content/Audio/SoundFX/Menu/ButtonHover.uasset" 280
"//StuHome/HomeDrive1$/1804281/Desktop/TheVeil/Content/UI/CharacterHUD/pauseScreenBackground.uasset" 281
"//StuHome/HomeDrive1$/1804281/Desktop/TheVeil/Content/UI/MainMenu/Textures/clickedBtn.uasset" 282
"//StuHome/HomeDrive1$/1804281/Desktop/TheVeil/Content/UI/MainMenu/Textures/HoveredBtn.uasset" 283
"//StuHome/HomeDrive1$/1804281/Desktop/TheVeil/Content/UI/MainMenu/Textures/NormalBtn.uasset" 284
"//StuHome/HomeDrive1$/1804281/Desktop/TheVeil/Content/UI/CharacterHUD/EndScreen.uasset" 285
"//StuHome/HomeDrive1$/1804281/Desktop/TheVeil/Content/UI/CharacterHUD/EndScreenHighScoreInsert.uasset" 286
"//StuHome/HomeDrive1$/1804281/Desktop/TheVeil/Content/UI/CharacterHUD/PauseScreen.uasset" 287
"//StuHome/HomeDrive1$/1804281/Desktop/TheVeil/Content/Blueprints/VeilCharacter.uasset" 288
"//StuHome/HomeDrive1$/1804281/Desktop/TheVeil/Content/Materials/08_-_Default.uasset" 289
"//StuHome/HomeDrive1$/1804281/Desktop/TheVeil/Content/Audio/SoundFX/Tear/Sew1.uasset" 290
"//StuHome/HomeDrive1$/1804281/Desktop/TheVeil/Content/Audio/SoundFX/Tear/Sew2.uasset" 291
"//StuHome/HomeDrive1$/1804281/Desktop/TheVeil/Content/Audio/SoundFX/Tear/Sew3.uasset" 292
"//StuHome/HomeDrive1$/1804281/Desktop/TheVeil/Content/Materials/Tears/eyeletChubby.uasset" 293
"//StuHome/HomeDrive1$/1804281/Desktop/TheVeil/Content/Materials/Tears/eyeletChubby_Sprite.uasset" 294
"//StuHome/HomeDrive1$/1804281/Desktop/TheVeil/Content/Materials/Tears/EyeletFBnew.uasset" 295
"//StuHome/HomeDrive1$/1804281/Desktop/TheVeil/Content/Blueprints/Eyelet.uasset" 296
"//StuHome/HomeDrive1$/1804281/Desktop/TheVeil/Content/Materials/07_-_Default.uasset" 297
"//StuHome/HomeDrive1$/1804281/Desktop/TheVeil/Content/Audio/SoundFX/Tear/SewingComplete.uasset" 298
"//StuHome/HomeDrive1$/1804281/Desktop/TheVeil/Content/Audio/SoundFX/Tear/TearAlmost.uasset" 299
"//StuHome/HomeDrive1$/1804281/Desktop/TheVeil/Content/Audio/SoundFX/Tear/TearFail.uasset" 300
"//StuHome/HomeDrive1$/1804281/Desktop/TheVeil/Content/Audio/SoundFX/Tear/TearRight.uasset" 301
"//StuHome/HomeDrive1$/1804281/Desktop/TheVeil/Content/Blueprints/BaseTear.uasset" 302
"//StuHome/HomeDrive1$/1804281/Desktop/TheVeil/Content/Materials/Textures/White_Band.uasset" 303
"//StuHome/HomeDrive1$/1804281/Desktop/TheVeil/Content/Materials/Environment_Mats/Bottom_COlour_Combo.uasset" 304
"//StuHome/HomeDrive1$/1804281/Desktop/TheVeil/Content/Materials/Environment_Mats/Mid_COlour_Combo.uasset" 305
"//StuHome/HomeDrive1$/1804281/Desktop/TheVeil/Content/Materials/Environment_Mats/Top_Colour_Combo.uasset" 306
"//StuHome/HomeDrive1$/1804281/Desktop/TheVeil/Content/StarterContent/Materials/M_Basic_Floor.uasset" 307
"//StuHome/HomeDrive1$/1804281/Desktop/TheVeil/Content/Blueprints/BaseTile.uasset" 308
"//StuHome/HomeDrive1$/1804281/Desktop/TheVeil/Content/Blueprints/BaseTile_Child.uasset" 309
"//StuHome/HomeDrive1$/1804281/Desktop/TheVeil/Content/Materials/09_-_Default.uasset" 310
"//StuHome/HomeDrive1$/1804281/Desktop/TheVeil/Content/Materials/Textures/woodframe1-metalness.uasset" 311
"//StuHome/HomeDrive1$/1804281/Desktop/TheVeil/Content/Materials/Textures/woodframe1-normal2.uasset" 312
"//StuHome/HomeDrive1$/1804281/Desktop/TheVeil/Content/Materials/Textures/woodframe1-rough.uasset" 313
"//StuHome/HomeDrive1$/1804281/Desktop/TheVeil/Content/Materials/Textures/woodframe1b-albedo.uasset" 314
"//StuHome/HomeDrive1$/1804281/Desktop/TheVeil/Content/Materials/Basic.uasset" 315
"//StuHome/HomeDrive1$/1804281/Desktop/TheVeil/Content/Materials/BodyEnemyMat.uasset" 316
"//StuHome/HomeDrive1$/1804281/Desktop/TheVeil/Content/Materials/EnemyTopMaterial.uasset" 317
"//StuHome/HomeDrive1$/1804281/Desktop/TheVeil/Content/StarterContent/Textures/T_Fire_Tiled_D.uasset" 318
"//StuHome/HomeDrive1$/1804281/Desktop/TheVeil/Content/StarterContent/Textures/T_Rock_Basalt_N.uasset" 319
"//StuHome/HomeDrive1$/1804281/Desktop/TheVeil/Content/Materials/M_GenericEnemy.uasset" 320
"//StuHome/HomeDrive1$/1804281/Desktop/TheVeil/Content/Materials/M_NextColour.uasset" 321
"//StuHome/HomeDrive1$/1804281/Desktop/TheVeil/Content/Materials/Outline.uasset" 322
"//StuHome/HomeDrive1$/1804281/Desktop/TheVeil/Content/Materials/White.uasset" 323
"//StuHome/HomeDrive1$/1804281/Desktop/TheVeil/Content/Materials/Yellow.uasset" 324
"//StuHome/HomeDrive1$/1804281/Desktop/TheVeil/Content/Materials/Textures/mothprototypetexture.uasset" 325
"//StuHome/HomeDrive1$/1804281/Desktop/TheVeil/Content/Materials/Character/Material__3.uasset" 326
"//StuHome/HomeDrive1$/1804281/Desktop/TheVeil/Content/Materials/Character/MothTestglide__4_.uasset" 327
"//StuHome/HomeDrive1$/1804281/Desktop/TheVeil/Content/Materials/Character/M_absorbedColour.uasset" 328
"//StuHome/HomeDrive1$/1804281/Desktop/TheVeil/Content/Materials/Character/Sprites/Frames/Jump0.uasset" 329
"//StuHome/HomeDrive1$/1804281/Desktop/TheVeil/Content/Materials/Character/Sprites/Jump0_Sprite.uasset" 330
"//StuHome/HomeDrive1$/1804281/Desktop/TheVeil/Content/Materials/Enemies/Mat_Enemy_Flame.uasset" 331
"//StuHome/HomeDrive1$/1804281/Desktop/TheVeil/Content/Materials/Enemies/newDarkFlame.uasset" 332
"//StuHome/HomeDrive1$/1804281/Desktop/TheVeil/Content/Materials/Enemies/Flipbooks/FB_EnemyFlame.uasset" 333
"//StuHome/HomeDrive1$/1804281/Desktop/TheVeil/Content/Materials/Enemies/Flipbooks/FB_Flame2.uasset" 334
"//StuHome/HomeDrive1$/1804281/Desktop/TheVeil/Content/Materials/Enemies/Textures/Flametest1BE.uasset" 335
"//StuHome/HomeDrive1$/1804281/Desktop/TheVeil/Content/Materials/Enemies/Sprites/Flametest1BE_Sprite.uasset" 336
"//StuHome/HomeDrive1$/1804281/Desktop/TheVeil/Content/Materials/Enemies/Textures/Flametest2BE.uasset" 337
"//StuHome/HomeDrive1$/1804281/Desktop/TheVeil/Content/Materials/Enemies/Sprites/Flametest2BE_Sprite.uasset" 338
"//StuHome/HomeDrive1$/1804281/Desktop/TheVeil/Content/Materials/Enemies/Textures/Flametest3BE.uasset" 339
"//StuHome/HomeDrive1$/1804281/Desktop/TheVeil/Content/Materials/Enemies/Sprites/Flametest3BE_Sprite.uasset" 340
"//StuHome/HomeDrive1$/1804281/Desktop/TheVeil/Content/Materials/Enemies/Textures/Flame.uasset" 341
"//StuHome/HomeDrive1$/1804281/Desktop/TheVeil/Content/Materials/Enemies/Sprites/Flame_Enemy.uasset" 342
"//StuHome/HomeDrive1$/1804281/Desktop/TheVeil/Content/Materials/Enemies/Textures/FlameAttack1.uasset" 343
"//StuHome/HomeDrive1$/1804281/Desktop/TheVeil/Content/Materials/Enemies/Textures/FlameAttack2.uasset" 344
"//StuHome/HomeDrive1$/1804281/Desktop/TheVeil/Content/Materials/Enemies/Textures/FlameAttack3.uasset" 345
"//StuHome/HomeDrive1$/1804281/Desktop/TheVeil/Content/Materials/Enemies/Textures/FlameAttack4.uasset" 346
"//StuHome/HomeDrive1$/1804281/Desktop/TheVeil/Content/Materials/Enemies/Textures/FlameAttack5.uasset" 347
"//StuHome/HomeDrive1$/1804281/Desktop/TheVeil/Content/Materials/Enemies/Textures/FlameAttack6.uasset" 348
"//StuHome/HomeDrive1$/1804281/Desktop/TheVeil/Content/Materials/Pickups/ErrorFairyPickup.uasset" 349
"//StuHome/HomeDrive1$/1804281/Desktop/TheVeil/Content/Materials/Tears/Textures/Tear6Eyelets_2.uasset" 350
"//StuHome/HomeDrive1$/1804281/Desktop/TheVeil/Content/Materials/Tears/TearMaterial_Inst.uasset" 351
"//StuHome/HomeDrive1$/1804281/Desktop/TheVeil/Content/Materials/Tears/Textures/Tear3Eyelets_2.uasset" 352
"//StuHome/HomeDrive1$/1804281/Desktop/TheVeil/Content/Materials/Tears/Textures/Tear3Eyelets_3.uasset" 353
"//StuHome/HomeDrive1$/1804281/Desktop/TheVeil/Content/Materials/Tears/Textures/Tear3Eyelets_4.uasset" 354
"//StuHome/HomeDrive1$/1804281/Desktop/TheVeil/Content/Materials/Tears/Textures/Tear3Eyelets_5.uasset" 355
"//StuHome/HomeDrive1$/1804281/Desktop/TheVeil/Content/Materials/Tears/Textures/Tear3Eyelets_6.uasset" 356
"//StuHome/HomeDrive1$/1804281/Desktop/TheVeil/Content/Materials/Tears/Textures/Tear4Eyelets_1.uasset" 357
"//StuHome/HomeDrive1$/1804281/Desktop/TheVeil/Content/Materials/Tears/Textures/Tear4Eyelets_2.uasset" 358
"//StuHome/HomeDrive1$/1804281/Desktop/TheVeil/Content/Materials/Tears/Textures/Tear4Eyelets_3.uasset" 359
"//StuHome/HomeDrive1$/1804281/Desktop/TheVeil/Content/Materials/Tears/Textures/Tear4Eyelets_4.uasset" 360
"//StuHome/HomeDrive1$/1804281/Desktop/TheVeil/Content/Materials/Tears/Textures/Tear4Eyelets_5.uasset" 361
"//StuHome/HomeDrive1$/1804281/Desktop/TheVeil/Content/Materials/Tears/Textures/Tear4Eyelets_6.uasset" 362
"//StuHome/HomeDrive1$/1804281/Desktop/TheVeil/Content/Materials/Tears/Textures/Tear4Eyelets_8.uasset" 363
"//StuHome/HomeDrive1$/1804281/Desktop/TheVeil/Content/Materials/Tears/Textures/Tear5Eyelets_1.uasset" 364
"//StuHome/HomeDrive1$/1804281/Desktop/TheVeil/Content/Materials/Tears/Textures/Tear5Eyelets_2.uasset" 365
"//StuHome/HomeDrive1$/1804281/Desktop/TheVeil/Content/Materials/Tears/Textures/Tear5Eyelets_3.uasset" 366
"//StuHome/HomeDrive1$/1804281/Desktop/TheVeil/Content/Materials/Tears/Textures/Tear5Eyelets_4.uasset" 367
"//StuHome/HomeDrive1$/1804281/Desktop/TheVeil/Content/Materials/Tears/Textures/Tear5Eyelets_5.uasset" 368
"//StuHome/HomeDrive1$/1804281/Desktop/TheVeil/Content/Materials/Tears/Textures/Tear5Eyelets_6.uasset" 369
"//StuHome/HomeDrive1$/1804281/Desktop/TheVeil/Content/Materials/Tears/Textures/Tear5Eyelets_7.uasset" 370
"//StuHome/HomeDrive1$/1804281/Desktop/TheVeil/Content/Materials/Tears/Textures/Tear5Eyelets_8.uasset" 371
"//StuHome/HomeDrive1$/1804281/Desktop/TheVeil/Content/Materials/Tears/Textures/Tear6Eyelets_1.uasset" 372
"//StuHome/HomeDrive1$/1804281/Desktop/TheVeil/Content/Materials/Tears/Textures/Tear6Eyelets_3.uasset" 373
"//StuHome/HomeDrive1$/1804281/Desktop/TheVeil/Content/Materials/Tears/Textures/Tear6Eyelets_4.uasset" 374
"//StuHome/HomeDrive1$/1804281/Desktop/TheVeil/Content/Materials/Tears/Textures/Tear6Eyelets_5.uasset" 375
"//StuHome/HomeDrive1$/1804281/Desktop/TheVeil/Content/Materials/Tears/Textures/Tear6Eyelets_6.uasset" 376
"//StuHome/HomeDrive1$/1804281/Desktop/TheVeil/Content/Materials/Tears/Textures/Tear6Eyelets_7.uasset" 377
"//StuHome/HomeDrive1$/1804281/Desktop/TheVeil/Content/Materials/Tears/Textures/Tear6Eyelets_8.uasset" 378
"//StuHome/HomeDrive1$/1804281/Desktop/TheVeil/Content/Materials/Tears/Textures/Tear7Eyelets_1.uasset" 379
"//StuHome/HomeDrive1$/1804281/Desktop/TheVeil/Content/Materials/Tears/Textures/Tear7Eyelets_2.uasset" 380
"//StuHome/HomeDrive1$/1804281/Desktop/TheVeil/Content/Materials/Tears/Textures/Tear7Eyelets_3.uasset" 381
"//StuHome/HomeDrive1$/1804281/Desktop/TheVeil/Content/Materials/Tears/Textures/Tear7Eyelets_4.uasset" 382
"//StuHome/HomeDrive1$/1804281/Desktop/TheVeil/Content/Materials/Tears/Textures/Tear7Eyelets_5.uasset" 383
"//StuHome/HomeDrive1$/1804281/Desktop/TheVeil/Content/Materials/Tears/Textures/Tear8Eyelets_1.uasset" 384
"//StuHome/HomeDrive1$/1804281/Desktop/TheVeil/Content/Materials/Tears/Textures/Tear8Eyelets_2.uasset" 385
"//StuHome/HomeDrive1$/1804281/Desktop/TheVeil/Content/Materials/Tears/Textures/Tear8Eyelets_3.uasset" 386
"//StuHome/HomeDrive1$/1804281/Desktop/TheVeil/Content/Materials/Tears/Textures/Tear8Eyelets_4.uasset" 387
"//StuHome/HomeDrive1$/1804281/Desktop/TheVeil/Content/Materials/Tears/Textures/Tear8Eyelets_5.uasset" 388
"//StuHome/HomeDrive1$/1804281/Desktop/TheVeil/Content/Materials/Tears/Textures/Tear8Eyelets_6.uasset" 389
"//StuHome/HomeDrive1$/1804281/Desktop/TheVeil/Content/Materials/Tears/Textures/Tear8Eyelets_7.uasset" 390
"//StuHome/HomeDrive1$/1804281/Desktop/TheVeil/Content/Materials/Tears/Textures/Tear8Eyelets_8.uasset" 391
"//StuHome/HomeDrive1$/1804281/Desktop/TheVeil/Content/Materials/Test_Materials/Cloud_Wall.uasset" 392
"//StuHome/HomeDrive1$/1804281/Desktop/TheVeil/Content/Materials/Test_Materials/Screenspace_Warp_Mat.uasset" 393
"//StuHome/HomeDrive1$/1804281/Desktop/TheVeil/Content/Materials/Textures/Foliage_1.uasset" 394
"//StuHome/HomeDrive1$/1804281/Desktop/TheVeil/Content/Materials/Test_Materials/Mat_Foliage_1.uasset" 395
"//StuHome/HomeDrive1$/1804281/Desktop/TheVeil/Content/Materials/Test_Materials/Instances/Mat_Foliage_1_Mushroom.uasset" 396
"//StuHome/HomeDrive1$/1804281/Desktop/TheVeil/Content/Materials/Test_Materials/Instances/Mat_Foliage_1_Stump.uasset" 397
"//StuHome/HomeDrive1$/1804281/Desktop/TheVeil/Content/Materials/Test_Materials/Instances/Mat_Foliage_1_Tree_1.uasset" 398
"//StuHome/HomeDrive1$/1804281/Desktop/TheVeil/Content/Materials/Test_Materials/Instances/Mat_Foliage_1_Tree_2.uasset" 399
"//StuHome/HomeDrive1$/1804281/Desktop/TheVeil/Content/Materials/Textures/rocks.uasset" 400
"//StuHome/HomeDrive1$/1804281/Desktop/TheVeil/Content/Materials/Test_Materials/Mat_Rocks_1.uasset" 401
"//StuHome/HomeDrive1$/1804281/Desktop/TheVeil/Content/Materials/Test_Materials/Instances/Mat_Rocks_1_Inst.uasset" 402
"//StuHome/HomeDrive1$/1804281/Desktop/TheVeil/Content/Materials/Textures/birdrock.uasset" 403
"//StuHome/HomeDrive1$/1804281/Desktop/TheVeil/Content/Materials/Test_Materials/Mat_Rocks_2.uasset" 404
"//StuHome/HomeDrive1$/1804281/Desktop/TheVeil/Content/Materials/Test_Materials/Instances/Mat_Rocks_2_Inst.uasset" 405
"//StuHome/HomeDrive1$/1804281/Desktop/TheVeil/Content/Meshes/TestCloth/Flag.uasset" 406
"//StuHome/HomeDrive1$/1804281/Desktop/TheVeil/Content/Meshes/TestCloth/sampledNormals.uasset" 407
"//StuHome/HomeDrive1$/1804281/Desktop/TheVeil/Content/Meshes/Test_Meshes/SM_BirdRock.uasset" 408
"//StuHome/HomeDrive1$/1804281/Desktop/TheVeil/Content/Meshes/Test_Meshes/SM_Cloud_Wall.uasset" 409
"//StuHome/HomeDrive1$/1804281/Desktop/TheVeil/Content/Materials/Test_Materials/Floor_Fog.uasset" 410
"//StuHome/HomeDrive1$/1804281/Desktop/TheVeil/Content/Meshes/Test_Meshes/SM_Floor_Tile.uasset" 411
"//StuHome/HomeDrive1$/1804281/Desktop/TheVeil/Content/Meshes/Test_Meshes/SM_Front_Plane_Comp.uasset" 412
"//StuHome/HomeDrive1$/1804281/Desktop/TheVeil/Content/Materials/Textures/Foliage_2.uasset" 413
"//StuHome/HomeDrive1$/1804281/Desktop/TheVeil/Content/Materials/Test_Materials/Mat_Foliage_2.uasset" 414
"//StuHome/HomeDrive1$/1804281/Desktop/TheVeil/Content/Meshes/Test_Meshes/SM_Grass_1.uasset" 415
"//StuHome/HomeDrive1$/1804281/Desktop/TheVeil/Content/Meshes/Test_Meshes/SM_Grass_2.uasset" 416
"//StuHome/HomeDrive1$/1804281/Desktop/TheVeil/Content/Meshes/Test_Meshes/SM_Grass_3.uasset" 417
"//StuHome/HomeDrive1$/1804281/Desktop/TheVeil/Content/Meshes/Test_Meshes/SM_Grass_4.uasset" 418
"//StuHome/HomeDrive1$/1804281/Desktop/TheVeil/Content/Meshes/Test_Meshes/SM_Grass_5.uasset" 419
"//StuHome/HomeDrive1$/1804281/Desktop/TheVeil/Content/Meshes/Test_Meshes/SM_Grass_6.uasset" 420
"//StuHome/HomeDrive1$/1804281/Desktop/TheVeil/Content/Meshes/Test_Meshes/SM_Mid_Plane_Comp.uasset" 421
"//StuHome/HomeDrive1$/1804281/Desktop/TheVeil/Content/Meshes/Test_Meshes/SM_Mushroom_Shrine.uasset" 422
"//StuHome/HomeDrive1$/1804281/Desktop/TheVeil/Content/Materials/Textures/Back_Pannels.uasset" 423
"//StuHome/HomeDrive1$/1804281/Desktop/TheVeil/Content/Materials/Test_Materials/Mat_Back_Pannels.uasset" 424
"//StuHome/HomeDrive1$/1804281/Desktop/TheVeil/Content/Meshes/Test_Meshes/SM_Pannel_1.uasset" 425
"//StuHome/HomeDrive1$/1804281/Desktop/TheVeil/Content/Meshes/Test_Meshes/SM_Pannel_2.uasset" 426
"//StuHome/HomeDrive1$/1804281/Desktop/TheVeil/Content/Meshes/Test_Meshes/SM_Pannel_3.uasset" 427
"//StuHome/HomeDrive1$/1804281/Desktop/TheVeil/Content/Meshes/Test_Meshes/SM_Rock1.uasset" 428
"//StuHome/HomeDrive1$/1804281/Desktop/TheVeil/Content/Meshes/Test_Meshes/SM_Rock2.uasset" 429
"//StuHome/HomeDrive1$/1804281/Desktop/TheVeil/Content/Meshes/Test_Meshes/SM_Test_Tree.uasset" 430
"//StuHome/HomeDrive1$/1804281/Desktop/TheVeil/Content/Meshes/Test_Meshes/SM_Totem_Tree.uasset" 431
"//StuHome/HomeDrive1$/1804281/Desktop/TheVeil/Content/Meshes/Test_Meshes/SM_Tree_Regrown_Pillar.uasset" 432
"//StuHome/HomeDrive1$/1804281/Desktop/TheVeil/Content/Meshes/Test_Meshes/SM_Tree_Stump_Cut_Pillar.uasset" 433
"//StuHome/HomeDrive1$/1804281/Desktop/TheVeil/Content/Materials/Test_Materials/Mat_Fog.uasset" 434
"//StuHome/HomeDrive1$/1804281/Desktop/TheVeil/Content/Meshes/Test_Meshes/SM_Veil_Wall.uasset" 435
"//StuHome/HomeDrive1$/1804281/Desktop/TheVeil/Content/Meshes/Tile_Compositions/Native_American_Woods/Heavy_Thickness/SM_Heavy_Woods_Back.uasset" 436
"//StuHome/HomeDrive1$/1804281/Desktop/TheVeil/Content/Materials/Textures/Tex_Trees_2.uasset" 437
"//StuHome/HomeDrive1$/1804281/Desktop/TheVeil/Content/Materials/Environment_Mats/Tex_Trees_2_Mat.uasset" 438
"//StuHome/HomeDrive1$/1804281/Desktop/TheVeil/Content/Meshes/Tile_Compositions/Native_American_Woods/Heavy_Thickness/SM_Heavy_Woods_Front.uasset" 439
"//StuHome/HomeDrive1$/1804281/Desktop/TheVeil/Content/Meshes/Tile_Compositions/Native_American_Woods/Heavy_Thickness/SM_Heavy_Woods_Mid.uasset" 440
"//StuHome/HomeDrive1$/1804281/Desktop/TheVeil/Content/Meshes/Tile_Compositions/Native_American_Woods/Mid_Thickness/SM_Mid_Woods_Back.uasset" 441
"//StuHome/HomeDrive1$/1804281/Desktop/TheVeil/Content/Meshes/Tile_Compositions/Native_American_Woods/Mid_Thickness/SM_Mid_Woods_Front.uasset" 442
"//StuHome/HomeDrive1$/1804281/Desktop/TheVeil/Content/Meshes/Tile_Compositions/Native_American_Woods/Mid_Thickness/SM_Mid_Woods_Mid.uasset" 443
"../../../Engine/Content/Functions/Engine_MaterialFunctions01/Density/ExponentialDensity.uasset" 444
"../../../Engine/Content/Functions/Engine_MaterialFunctions01/Gradient/RadialGradientExponential.uasset" 445
"//StuHome/HomeDrive1$/1804281/Desktop/TheVeil/Content/Particles/Test_Particles/Particle_Base_Mat.uasset" 446
"//StuHome/HomeDrive1$/1804281/Desktop/TheVeil/Content/Particles/Test_Particles/Trail_Particle.uasset" 447
"//StuHome/HomeDrive1$/1804281/Desktop/TheVeil/Content/StarterContent/Materials/M_AssetPlatform.uasset" 448
"//StuHome/HomeDrive1$/1804281/Desktop/TheVeil/Content/StarterContent/Materials/M_Basic_Wall.uasset" 449
"//StuHome/HomeDrive1$/1804281/Desktop/TheVeil/Content/StarterContent/Textures/T_Brick_Clay_New_D.uasset" 450
"//StuHome/HomeDrive1$/1804281/Desktop/TheVeil/Content/StarterContent/Textures/T_Brick_Clay_New_M.uasset" 451
"//StuHome/HomeDrive1$/1804281/Desktop/TheVeil/Content/StarterContent/Textures/T_Brick_Clay_New_N.uasset" 452
"//StuHome/HomeDrive1$/1804281/Desktop/TheVeil/Content/StarterContent/Textures/T_Detail_Rocky_N.uasset" 453
"//StuHome/HomeDrive1$/1804281/Desktop/TheVeil/Content/StarterContent/Materials/M_Brick_Clay_New.uasset" 454
"//StuHome/HomeDrive1$/1804281/Desktop/TheVeil/Content/StarterContent/Textures/T_Brick_Clay_Old_D.uasset" 455
"//StuHome/HomeDrive1$/1804281/Desktop/TheVeil/Content/StarterContent/Textures/T_Brick_Clay_Old_N.uasset" 456
"//StuHome/HomeDrive1$/1804281/Desktop/TheVeil/Content/StarterContent/Textures/T_Perlin_Noise_M.uasset" 457
"//StuHome/HomeDrive1$/1804281/Desktop/TheVeil/Content/StarterContent/Materials/M_Brick_Clay_Old.uasset" 458
"//StuHome/HomeDrive1$/1804281/Desktop/TheVeil/Content/StarterContent/Textures/T_Brick_Cut_Stone_D.uasset" 459
"//StuHome/HomeDrive1$/1804281/Desktop/TheVeil/Content/StarterContent/Textures/T_Brick_Cut_Stone_N.uasset" 460
"//StuHome/HomeDrive1$/1804281/Desktop/TheVeil/Content/StarterContent/Materials/M_Brick_Cut_Stone.uasset" 461
"//StuHome/HomeDrive1$/1804281/Desktop/TheVeil/Content/StarterContent/Textures/T_Brick_Hewn_Stone_D.uasset" 462
"//StuHome/HomeDrive1$/1804281/Desktop/TheVeil/Content/StarterContent/Textures/T_Brick_Hewn_Stone_M.uasset" 463
"//StuHome/HomeDrive1$/1804281/Desktop/TheVeil/Content/StarterContent/Textures/T_Brick_Hewn_Stone_N.uasset" 464
"//StuHome/HomeDrive1$/1804281/Desktop/TheVeil/Content/StarterContent/Materials/M_Brick_Hewn_Stone.uasset" 465
"//StuHome/HomeDrive1$/1804281/Desktop/TheVeil/Content/StarterContent/Textures/T_Ceramic_Tile_M.uasset" 466
"//StuHome/HomeDrive1$/1804281/Desktop/TheVeil/Content/StarterContent/Textures/T_Ceramic_Tile_N.uasset" 467
"//StuHome/HomeDrive1$/1804281/Desktop/TheVeil/Content/StarterContent/Textures/T_Rock_Marble_Polished_D.uasset" 468
"//StuHome/HomeDrive1$/1804281/Desktop/TheVeil/Content/StarterContent/Materials/M_Ceramic_Tile_Checker.uasset" 469
"//StuHome/HomeDrive1$/1804281/Desktop/TheVeil/Content/StarterContent/Textures/T_CobbleStone_Pebble_D.uasset" 470
"//StuHome/HomeDrive1$/1804281/Desktop/TheVeil/Content/StarterContent/Textures/T_CobbleStone_Pebble_M.uasset" 471
"//StuHome/HomeDrive1$/1804281/Desktop/TheVeil/Content/StarterContent/Textures/T_CobbleStone_Pebble_N.uasset" 472
"//StuHome/HomeDrive1$/1804281/Desktop/TheVeil/Content/StarterContent/Materials/M_CobbleStone_Pebble.uasset" 473
"//StuHome/HomeDrive1$/1804281/Desktop/TheVeil/Content/StarterContent/Textures/T_CobbleStone_Rough_D.uasset" 474
"//StuHome/HomeDrive1$/1804281/Desktop/TheVeil/Content/StarterContent/Textures/T_CobbleStone_Rough_N.uasset" 475
"//StuHome/HomeDrive1$/1804281/Desktop/TheVeil/Content/StarterContent/Textures/T_Gradinet_01.uasset" 476
"//StuHome/HomeDrive1$/1804281/Desktop/TheVeil/Content/StarterContent/Textures/T_Rock_Smooth_Granite_D.uasset" 477
"//StuHome/HomeDrive1$/1804281/Desktop/TheVeil/Content/StarterContent/Materials/M_CobbleStone_Rough.uasset" 478
"//StuHome/HomeDrive1$/1804281/Desktop/TheVeil/Content/StarterContent/Textures/T_CobbleStone_Smooth_D.uasset" 479
"//StuHome/HomeDrive1$/1804281/Desktop/TheVeil/Content/StarterContent/Textures/T_CobbleStone_Smooth_M.uasset" 480
"//StuHome/HomeDrive1$/1804281/Desktop/TheVeil/Content/StarterContent/Textures/T_CobbleStone_Smooth_N.uasset" 481
"//StuHome/HomeDrive1$/1804281/Desktop/TheVeil/Content/StarterContent/Materials/M_CobbleStone_Smooth.uasset" 482
"../../../Engine/Content/EditorMeshes/ColorCalibrator/T_ColorGrid.uasset" 483
"//StuHome/HomeDrive1$/1804281/Desktop/TheVeil/Content/StarterContent/Materials/M_ColorGrid_LowSpec.uasset" 484
"//StuHome/HomeDrive1$/1804281/Desktop/TheVeil/Content/StarterContent/Textures/T_Concrete_Grime_D.uasset" 485
"//StuHome/HomeDrive1$/1804281/Desktop/TheVeil/Content/StarterContent/Textures/T_Metal_Rust_N.uasset" 486
"//StuHome/HomeDrive1$/1804281/Desktop/TheVeil/Content/StarterContent/Materials/M_Concrete_Grime.uasset" 487
"//StuHome/HomeDrive1$/1804281/Desktop/TheVeil/Content/StarterContent/Textures/T_Concrete_Panels_D.uasset" 488
"//StuHome/HomeDrive1$/1804281/Desktop/TheVeil/Content/StarterContent/Textures/T_Concrete_Panels_N.uasset" 489
"//StuHome/HomeDrive1$/1804281/Desktop/TheVeil/Content/StarterContent/Materials/M_Concrete_Panels.uasset" 490
"//StuHome/HomeDrive1$/1804281/Desktop/TheVeil/Content/StarterContent/Textures/T_Concrete_Poured_D.uasset" 491
"//StuHome/HomeDrive1$/1804281/Desktop/TheVeil/Content/StarterContent/Textures/T_Concrete_Poured_N.uasset" 492
"//StuHome/HomeDrive1$/1804281/Desktop/TheVeil/Content/StarterContent/Materials/M_Concrete_Poured.uasset" 493
"//StuHome/HomeDrive1$/1804281/Desktop/TheVeil/Content/StarterContent/Textures/T_Concrete_Tiles_D.uasset" 494
"//StuHome/HomeDrive1$/1804281/Desktop/TheVeil/Content/StarterContent/Textures/T_Concrete_Tiles_M.uasset" 495
"//StuHome/HomeDrive1$/1804281/Desktop/TheVeil/Content/StarterContent/Textures/T_Concrete_Tiles_N.uasset" 496
"//StuHome/HomeDrive1$/1804281/Desktop/TheVeil/Content/StarterContent/Textures/T_Concrete_Tiles_Variation_M.uasset" 497
"//StuHome/HomeDrive1$/1804281/Desktop/TheVeil/Content/StarterContent/Materials/M_Concrete_Tiles.uasset" 498
"//StuHome/HomeDrive1$/1804281/Desktop/TheVeil/Content/StarterContent/Materials/M_Glass.uasset" 499
"//StuHome/HomeDrive1$/1804281/Desktop/TheVeil/Content/StarterContent/Textures/T_Ground_Grass_D.uasset" 500
"//StuHome/HomeDrive1$/1804281/Desktop/TheVeil/Content/StarterContent/Textures/T_Ground_Grass_N.uasset" 501
"//StuHome/HomeDrive1$/1804281/Desktop/TheVeil/Content/StarterContent/Materials/M_Ground_Grass.uasset" 502
"//StuHome/HomeDrive1$/1804281/Desktop/TheVeil/Content/StarterContent/Textures/T_Ground_Gravel_D.uasset" 503
"//StuHome/HomeDrive1$/1804281/Desktop/TheVeil/Content/StarterContent/Textures/T_Ground_Gravel_N.uasset" 504
"//StuHome/HomeDrive1$/1804281/Desktop/TheVeil/Content/StarterContent/Materials/M_Ground_Gravel.uasset" 505
"//StuHome/HomeDrive1$/1804281/Desktop/TheVeil/Content/StarterContent/Textures/T_ground_Moss_D.uasset" 506
"//StuHome/HomeDrive1$/1804281/Desktop/TheVeil/Content/StarterContent/Textures/T_Ground_Moss_N.uasset" 507
"//StuHome/HomeDrive1$/1804281/Desktop/TheVeil/Content/StarterContent/Materials/M_Ground_Moss.uasset" 508
"//StuHome/HomeDrive1$/1804281/Desktop/TheVeil/Content/StarterContent/Materials/M_Metal_Brushed_Nickel.uasset" 509
"//StuHome/HomeDrive1$/1804281/Desktop/TheVeil/Content/StarterContent/Textures/T_Metal_Aluminum_D.uasset" 510
"//StuHome/HomeDrive1$/1804281/Desktop/TheVeil/Content/StarterContent/Textures/T_Metal_Gold_N.uasset" 511
"//StuHome/HomeDrive1$/1804281/Desktop/TheVeil/Content/StarterContent/Materials/M_Metal_Burnished_Steel.uasset" 512
"//StuHome/HomeDrive1$/1804281/Desktop/TheVeil/Content/StarterContent/Materials/M_Metal_Chrome.uasset" 513
"//StuHome/HomeDrive1$/1804281/Desktop/TheVeil/Content/StarterContent/Textures/T_Metal_Copper_D.uasset" 514
"//StuHome/HomeDrive1$/1804281/Desktop/TheVeil/Content/StarterContent/Materials/M_Metal_Copper.uasset" 515
"//StuHome/HomeDrive1$/1804281/Desktop/TheVeil/Content/StarterContent/Textures/T_Metal_Gold_D.uasset" 516
"//StuHome/HomeDrive1$/1804281/Desktop/TheVeil/Content/StarterContent/Materials/M_Metal_Gold.uasset" 517
"../../../Engine/Content/Functions/Engine_MaterialFunctions02/Utility/BlendAngleCorrectedNormals.uasset" 518
"//StuHome/HomeDrive1$/1804281/Desktop/TheVeil/Content/StarterContent/Textures/T_Metal_Rust_D.uasset" 519
"//StuHome/HomeDrive1$/1804281/Desktop/TheVeil/Content/StarterContent/Materials/M_Metal_Rust.uasset" 520
"//StuHome/HomeDrive1$/1804281/Desktop/TheVeil/Content/StarterContent/Textures/T_Metal_Steel_D.uasset" 521
"//StuHome/HomeDrive1$/1804281/Desktop/TheVeil/Content/StarterContent/Textures/T_Metal_Steel_N.uasset" 522
"//StuHome/HomeDrive1$/1804281/Desktop/TheVeil/Content/StarterContent/Materials/M_Metal_Steel.uasset" 523
"//StuHome/HomeDrive1$/1804281/Desktop/TheVeil/Content/StarterContent/Textures/T_Rock_Basalt_D.uasset" 524
"//StuHome/HomeDrive1$/1804281/Desktop/TheVeil/Content/StarterContent/Materials/M_Rock_Basalt.uasset" 525
"//StuHome/HomeDrive1$/1804281/Desktop/TheVeil/Content/StarterContent/Materials/M_Rock_Marble_Polished.uasset" 526
"//StuHome/HomeDrive1$/1804281/Desktop/TheVeil/Content/StarterContent/Textures/T_Rock_Sandstone_D.uasset" 527
"//StuHome/HomeDrive1$/1804281/Desktop/TheVeil/Content/StarterContent/Textures/T_Rock_Sandstone_N.uasset" 528
"//StuHome/HomeDrive1$/1804281/Desktop/TheVeil/Content/StarterContent/Materials/M_Rock_Sandstone.uasset" 529
"//StuHome/HomeDrive1$/1804281/Desktop/TheVeil/Content/StarterContent/Textures/T_Rock_Slate_D.uasset" 530
"//StuHome/HomeDrive1$/1804281/Desktop/TheVeil/Content/StarterContent/Textures/T_Rock_Slate_N.uasset" 531
"//StuHome/HomeDrive1$/1804281/Desktop/TheVeil/Content/StarterContent/Materials/M_Rock_Slate.uasset" 532
"//StuHome/HomeDrive1$/1804281/Desktop/TheVeil/Content/StarterContent/Textures/T_Checker_Noise_M.uasset" 533
"//StuHome/HomeDrive1$/1804281/Desktop/TheVeil/Content/StarterContent/Textures/T_Single_Tile_N.uasset" 534
"//StuHome/HomeDrive1$/1804281/Desktop/TheVeil/Content/StarterContent/Textures/T_Tech_Dot_M.uasset" 535
"//StuHome/HomeDrive1$/1804281/Desktop/TheVeil/Content/StarterContent/Textures/T_Tech_Dot_N.uasset" 536
"//StuHome/HomeDrive1$/1804281/Desktop/TheVeil/Content/StarterContent/Materials/M_Tech_Checker_Dot.uasset" 537
"//StuHome/HomeDrive1$/1804281/Desktop/TheVeil/Content/StarterContent/Textures/T_Tech_Hex_Tile_M.uasset" 538
"//StuHome/HomeDrive1$/1804281/Desktop/TheVeil/Content/StarterContent/Textures/T_Tech_Hex_Tile_N.uasset" 539
"//StuHome/HomeDrive1$/1804281/Desktop/TheVeil/Content/StarterContent/Materials/M_Tech_Hex_Tile.uasset" 540
"//StuHome/HomeDrive1$/1804281/Desktop/TheVeil/Content/StarterContent/Materials/M_Tech_Hex_Tile_Pulse.uasset" 541
"//StuHome/HomeDrive1$/1804281/Desktop/TheVeil/Content/StarterContent/Textures/T_Tech_Panel_M.uasset" 542
"//StuHome/HomeDrive1$/1804281/Desktop/TheVeil/Content/StarterContent/Textures/T_Tech_Panel_N.uasset" 543
"//StuHome/HomeDrive1$/1804281/Desktop/TheVeil/Content/StarterContent/Materials/M_Tech_Panel.uasset" 544
"//StuHome/HomeDrive1$/1804281/Desktop/TheVeil/Content/StarterContent/Textures/T_Water_N.uasset" 545
"//StuHome/HomeDrive1$/1804281/Desktop/TheVeil/Content/StarterContent/Materials/M_Water_Lake.uasset" 546
"//StuHome/HomeDrive1$/1804281/Desktop/TheVeil/Content/StarterContent/Textures/T_Water_M.uasset" 547
"//StuHome/HomeDrive1$/1804281/Desktop/TheVeil/Content/StarterContent/Materials/M_Water_Ocean.uasset" 548
"//StuHome/HomeDrive1$/1804281/Desktop/TheVeil/Content/StarterContent/Textures/T_Wood_Floor_Walnut_D.uasset" 549
"//StuHome/HomeDrive1$/1804281/Desktop/TheVeil/Content/StarterContent/Textures/T_Wood_Floor_Walnut_M.uasset" 550
"//StuHome/HomeDrive1$/1804281/Desktop/TheVeil/Content/StarterContent/Textures/T_Wood_Floor_Walnut_N.uasset" 551
"//StuHome/HomeDrive1$/1804281/Desktop/TheVeil/Content/StarterContent/Materials/M_Wood_Floor_Walnut_Polished.uasset" 552
"../../../Engine/Content/Functions/Engine_MaterialFunctions01/Opacity/AlphaOffset.uasset" 553
"//StuHome/HomeDrive1$/1804281/Desktop/TheVeil/Content/StarterContent/Materials/M_Wood_Floor_Walnut_Worn.uasset" 554
"//StuHome/HomeDrive1$/1804281/Desktop/TheVeil/Content/StarterContent/Textures/T_Wood_Oak_D.uasset" 555
"//StuHome/HomeDrive1$/1804281/Desktop/TheVeil/Content/StarterContent/Textures/T_Wood_Oak_N.uasset" 556
"//StuHome/HomeDrive1$/1804281/Desktop/TheVeil/Content/StarterContent/Materials/M_Wood_Oak.uasset" 557
"//StuHome/HomeDrive1$/1804281/Desktop/TheVeil/Content/StarterContent/Textures/T_Wood_Pine_D.uasset" 558
"//StuHome/HomeDrive1$/1804281/Desktop/TheVeil/Content/StarterContent/Textures/T_Wood_Pine_N.uasset" 559
"//StuHome/HomeDrive1$/1804281/Desktop/TheVeil/Content/StarterContent/Materials/M_Wood_Pine.uasset" 560
"//StuHome/HomeDrive1$/1804281/Desktop/TheVeil/Content/StarterContent/Textures/T_Wood_Walnut_D.uasset" 561
"//StuHome/HomeDrive1$/1804281/Desktop/TheVeil/Content/StarterContent/Textures/T_Wood_Walnut_N.uasset" 562
"//StuHome/HomeDrive1$/1804281/Desktop/TheVeil/Content/StarterContent/Materials/M_Wood_Walnut.uasset" 563
"//StuHome/HomeDrive1$/1804281/Desktop/TheVeil/Content/StarterContent/Textures/T_Dust_Particle_D.uasset" 564
"//StuHome/HomeDrive1$/1804281/Desktop/TheVeil/Content/StarterContent/Particles/Materials/M_Dust_Particle.uasset" 565
"//StuHome/HomeDrive1$/1804281/Desktop/TheVeil/Content/StarterContent/Particles/P_Ambient_Dust.uasset" 566
"//StuHome/HomeDrive1$/1804281/Desktop/TheVeil/Content/StarterContent/Textures/T_Burst_M.uasset" 567
"//StuHome/HomeDrive1$/1804281/Desktop/TheVeil/Content/StarterContent/Particles/Materials/M_Burst.uasset" 568
"//StuHome/HomeDrive1$/1804281/Desktop/TheVeil/Content/StarterContent/Textures/T_Explosion_SubUV.uasset" 569
"//StuHome/HomeDrive1$/1804281/Desktop/TheVeil/Content/StarterContent/Particles/Materials/M_explosion_subUV.uasset" 570
"//StuHome/HomeDrive1$/1804281/Desktop/TheVeil/Content/StarterContent/Particles/Materials/m_flare_01.uasset" 571
"../../../Engine/Content/Functions/Engine_MaterialFunctions01/Gradient/RadialGradient.uasset" 572
"//StuHome/HomeDrive1$/1804281/Desktop/TheVeil/Content/StarterContent/Particles/Materials/M_radial_ramp.uasset" 573
"//StuHome/HomeDrive1$/1804281/Desktop/TheVeil/Content/StarterContent/Textures/T_Smoke_SubUV.uasset" 574
"//StuHome/HomeDrive1$/1804281/Desktop/TheVeil/Content/StarterContent/Textures/T_Smoke_Tiled_D.uasset" 575
"//StuHome/HomeDrive1$/1804281/Desktop/TheVeil/Content/StarterContent/Particles/Materials/M_smoke_subUV.uasset" 576
"//StuHome/HomeDrive1$/1804281/Desktop/TheVeil/Content/StarterContent/Particles/P_Explosion.uasset" 577
"//StuHome/HomeDrive1$/1804281/Desktop/TheVeil/Content/StarterContent/Textures/T_Fire_SubUV.uasset" 578
"//StuHome/HomeDrive1$/1804281/Desktop/TheVeil/Content/StarterContent/Particles/Materials/M_Fire_SubUV.uasset" 579
"//StuHome/HomeDrive1$/1804281/Desktop/TheVeil/Content/StarterContent/Particles/Materials/M_Heat_Distortion.uasset" 580
"//StuHome/HomeDrive1$/1804281/Desktop/TheVeil/Content/StarterContent/Particles/Materials/M_Radial_Gradient.uasset" 581
"//StuHome/HomeDrive1$/1804281/Desktop/TheVeil/Content/StarterContent/Particles/P_Fire.uasset" 582
"//StuHome/HomeDrive1$/1804281/Desktop/TheVeil/Content/StarterContent/Particles/P_Smoke.uasset" 583
"//StuHome/HomeDrive1$/1804281/Desktop/TheVeil/Content/StarterContent/Textures/T_Spark_Core.uasset" 584
"//StuHome/HomeDrive1$/1804281/Desktop/TheVeil/Content/StarterContent/Particles/Materials/M_Spark.uasset" 585
"//StuHome/HomeDrive1$/1804281/Desktop/TheVeil/Content/StarterContent/Particles/P_Sparks.uasset" 586
"//StuHome/HomeDrive1$/1804281/Desktop/TheVeil/Content/StarterContent/Particles/P_Steam_Lit.uasset" 587
"//StuHome/HomeDrive1$/1804281/Desktop/TheVeil/Content/StarterContent/Textures/T_Bush_D.uasset" 588
"//StuHome/HomeDrive1$/1804281/Desktop/TheVeil/Content/StarterContent/Textures/T_Bush_N.uasset" 589
"//StuHome/HomeDrive1$/1804281/Desktop/TheVeil/Content/StarterContent/Textures/T_Chair_M.uasset" 590
"//StuHome/HomeDrive1$/1804281/Desktop/TheVeil/Content/StarterContent/Textures/T_Chair_N.uasset" 591
"//StuHome/HomeDrive1$/1804281/Desktop/TheVeil/Content/StarterContent/Textures/T_Door_M.uasset" 592
"//StuHome/HomeDrive1$/1804281/Desktop/TheVeil/Content/StarterContent/Textures/T_Door_N.uasset" 593
"//StuHome/HomeDrive1$/1804281/Desktop/TheVeil/Content/StarterContent/Textures/T_Frame_M.uasset" 594
"//StuHome/HomeDrive1$/1804281/Desktop/TheVeil/Content/StarterContent/Textures/T_Frame_N.uasset" 595
"//StuHome/HomeDrive1$/1804281/Desktop/TheVeil/Content/StarterContent/Textures/T_Lamp_M.uasset" 596
"//StuHome/HomeDrive1$/1804281/Desktop/TheVeil/Content/StarterContent/Textures/T_Lamp_N.uasset" 597
"//StuHome/HomeDrive1$/1804281/Desktop/TheVeil/Content/StarterContent/Textures/T_RockMesh_M.uasset" 598
"//StuHome/HomeDrive1$/1804281/Desktop/TheVeil/Content/StarterContent/Textures/T_RockMesh_N.uasset" 599
"//StuHome/HomeDrive1$/1804281/Desktop/TheVeil/Content/StarterContent/Textures/T_Shelf_M.uasset" 600
"//StuHome/HomeDrive1$/1804281/Desktop/TheVeil/Content/StarterContent/Textures/T_Shelf_N.uasset" 601
"//StuHome/HomeDrive1$/1804281/Desktop/TheVeil/Content/StarterContent/Textures/T_Statue_M.uasset" 602
"//StuHome/HomeDrive1$/1804281/Desktop/TheVeil/Content/StarterContent/Textures/T_Statue_N.uasset" 603
"//StuHome/HomeDrive1$/1804281/Desktop/TheVeil/Content/StarterContent/Textures/T_TableRound_M.uasset" 604
"//StuHome/HomeDrive1$/1804281/Desktop/TheVeil/Content/StarterContent/Textures/T_TableRound_N.uasset" 605
"//StuHome/HomeDrive1$/1804281/Desktop/TheVeil/Content/UI/CharacterHUD/emptyHeart.uasset" 606
"//StuHome/HomeDrive1$/1804281/Desktop/TheVeil/Content/UI/CharacterHUD/filledHeart.uasset" 607
"//StuHome/HomeDrive1$/1804281/Desktop/TheVeil/Content/UI/Fonts/angelina.uasset" 608
"//StuHome/HomeDrive1$/1804281/Desktop/TheVeil/Content/UI/Fonts/angelina_Font.uasset" 609
"//StuHome/HomeDrive1$/1804281/Desktop/TheVeil/Content/UI/Fonts/Dillova.uasset" 610
"//StuHome/HomeDrive1$/1804281/Desktop/TheVeil/Content/UI/Fonts/Dillova_Font.uasset" 611
"../../../Engine/Content/BasicShapes/Cone.uasset" 612
"../../../Engine/Content/BasicShapes/Cylinder.uasset" 613
"../../../Engine/Content/EditorLandscapeResources/DataLayer.uasset" 614
"../../../Engine/Content/EditorMaterials/GizmoMaterial.uasset" 615
"../../../Engine/Content/EditorMaterials/MAT_Groups_Toggle.uasset" 616
"../../../Engine/Content/EditorMaterials/MAT_Groups_Visibility.uasset" 617
"../../../Engine/Content/EditorMaterials/PreviewShadowIndicator.uasset" 618
"../../../Engine/Content/EditorMaterials/PreviewShadowIndicatorMaterial.uasset" 619
"../../../Engine/Content/EditorMaterials/MatineeGroups/MAT_ColorTrack.uasset" 620
"../../../Engine/Content/EditorMaterials/MatineeGroups/MAT_Groups_Anim.uasset" 621
"../../../Engine/Content/EditorMaterials/MatineeGroups/MAT_Groups_AudioMaster.uasset" 622
"../../../Engine/Content/EditorMaterials/MatineeGroups/MAT_Groups_Director.uasset" 623
"../../../Engine/Content/EditorMaterials/MatineeGroups/MAT_Groups_Event.uasset" 624
"../../../Engine/Content/EditorMaterials/MatineeGroups/MAT_Groups_Fade.uasset" 625
"../../../Engine/Content/EditorMaterials/MatineeGroups/MAT_Groups_Float.uasset" 626
"../../../Engine/Content/EditorMaterials/MatineeGroups/MAT_Groups_Move.uasset" 627
"../../../Engine/Content/EditorMaterials/MatineeGroups/MAT_Groups_Slomo.uasset" 628
"../../../Engine/Content/EditorMaterials/MatineeGroups/MAT_Groups_Sound.uasset" 629
"../../../Engine/Content/EditorMaterials/MatineeGroups/MAT_Groups_Vector.uasset" 630
"../../../Engine/Content/EditorMaterials/ParticleSystems/PSysThumbnail_NoImage.uasset" 631
"../../../Engine/Content/EditorMaterials/ParticleSystems/PSysThumbnail_OOD.uasset" 632
"../../../Engine/Content/EditorMaterials/Camera/CineMat.uasset" 633
"../../../Engine/Content/EditorMaterials/Camera/MI_CineMat_Rig.uasset" 634
"../../../Engine/Content/EditorMeshes/Camera/SM_CraneRig_Arm.uasset" 635
"../../../Engine/Content/EditorMeshes/Camera/SM_CraneRig_Base.uasset" 636
"../../../Engine/Content/EditorMeshes/Camera/SM_CraneRig_Body.uasset" 637
"../../../Engine/Content/EditorMeshes/Camera/SM_CraneRig_Mount.uasset" 638
"../../../Engine/Content/EditorMeshes/Camera/SM_RailRig_Mount.uasset" 639
"../../../Engine/Content/EditorMeshes/Camera/SM_RailRig_Track.uasset" 640
"../../../Engine/Content/EditorMeshes/ColorCalibrator/M_ChromeBall.uasset" 641
"../../../Engine/Content/EditorMeshes/ColorCalibrator/M_ClearCoat.uasset" 642
"../../../Engine/Content/EditorMeshes/ColorCalibrator/M_ClearCoatBlack.uasset" 643
"../../../Engine/Content/EditorMeshes/ColorCalibrator/Color_checker.uasset" 644
"../../../Engine/Content/EditorMeshes/ColorCalibrator/M_ColorGrid.uasset" 645
"../../../Engine/Content/EditorMeshes/ColorCalibrator/M_GreyBall.uasset" 646
"../../../Engine/Content/EditorMeshes/ColorCalibrator/SM_ColorCalibrator.uasset" 647
"../../../Engine/Content/EditorResources/BSPVertex.uasset" 648
"../../../Engine/Content/EditorResources/EmptyActor.uasset" 649
"../../../Engine/Content/EditorResources/S_Actor.uasset" 650
"../../../Engine/Content/EditorResources/S_Trigger.uasset" 651
"../../../Engine/Content/EditorResources/SequenceRecorder/Countdown.uasset" 652
"../../../Engine/Content/EditorResources/SequenceRecorder/RecordingIndicator.uasset" 653
"../../../Engine/Content/EditorSounds/Notifications/CompileFailed.uasset" 654
"../../../Engine/Content/EditorSounds/Notifications/CompileFailed_Cue.uasset" 655
"../../../Engine/Content/EditorSounds/Notifications/CompileSuccess.uasset" 656
"../../../Engine/Content/EditorSounds/Notifications/CompileStart_Cue.uasset" 657
"../../../Engine/Content/EditorSounds/Notifications/CompileSuccess_Cue.uasset" 658
"../../../Engine/Content/EngineDamageTypes/DmgTypeBP_Environmental.uasset" 659
"../../../Engine/Content/EngineDebugMaterials/HeatmapGradient.uasset" 660
"../../../Engine/Content/EngineDebugMaterials/BoneWeightMaterial.uasset" 661
"../../../Engine/Content/EngineDebugMaterials/ClothMaterial.uasset" 662
"../../../Engine/Content/EngineDebugMaterials/ClothMaterial_WF.uasset" 663
"../../../Engine/Content/EngineDebugMaterials/DebugEditorMaterial.uasset" 664
"../../../Engine/Content/EngineDebugMaterials/DebugMeshMaterial.uasset" 665
"../../../Engine/Content/EngineDebugMaterials/GeomMaterial.uasset" 666
"../../../Engine/Content/EngineFonts/Faces/RobotoBold.uasset" 667
"../../../Engine/Content/EngineFonts/Faces/RobotoBoldItalic.uasset" 668
"../../../Engine/Content/EngineFonts/Faces/RobotoItalic.uasset" 669
"../../../Engine/Content/EngineFonts/Faces/RobotoLight.uasset" 670
"../../../Engine/Content/EngineFonts/Faces/RobotoRegular.uasset" 671
"../../../Engine/Content/EngineFonts/Roboto.uasset" 672
"../../../Engine/Content/EngineFonts/Faces/RobotoTiny.uasset" 673
"../../../Engine/Content/EngineFonts/RobotoTiny.uasset" 674
"../../../Engine/Content/EngineMaterials/DefaultBloomKernel.uasset" 675
"../../../Engine/Content/EngineMaterials/DefaultBokeh.uasset" 676
"../../../Engine/Content/EngineMaterials/DefaultDiffuse.uasset" 677
"../../../Engine/Content/EngineMaterials/DefaultDeferredDecalMaterial.uasset" 678
"../../../Engine/Content/EngineMaterials/DefaultLightFunctionMaterial.uasset" 679
"../../../Engine/Content/EngineMaterials/DefaultPhysicalMaterial.uasset" 680
"../../../Engine/Content/Functions/Engine_MaterialFunctions02/Utility/BreakOutFloat2Components.uasset" 681
"../../../Engine/Content/EngineMaterials/DefaultPostProcessMaterial.uasset" 682
"../../../Engine/Content/EngineFonts/RobotoDistanceField.uasset" 683
"../../../Engine/Content/EngineMaterials/DefaultTextMaterialOpaque.uasset" 684
"../../../Engine/Content/EngineMaterials/DefaultWhiteGrid.uasset" 685
"../../../Engine/Content/EngineMaterials/EditorBrushMaterial.uasset" 686
"../../../Engine/Content/EngineMaterials/MiniFont.uasset" 687
"../../../Engine/Content/EngineMaterials/InvalidLightmapSettings.uasset" 688
"../../../Engine/Content/EngineMaterials/M_InvalidLightmapSettings.uasset" 689
"../../../Engine/Content/Functions/Engine_MaterialFunctions02/WorldPositionOffset/CameraOffset.uasset" 690
"../../../Engine/Content/EngineMaterials/PhAT_JointLimitMaterial.uasset" 691
"../../../Engine/Content/EngineMaterials/PreintegratedSkinBRDF.uasset" 692
"../../../Engine/Content/EngineMaterials/RemoveSurfaceMaterial.uasset" 693
"../../../Engine/Content/EngineMaterials/WeightMapPlaceholderTexture.uasset" 694
"../../../Engine/Content/EngineResources/WhiteSquareTexture.uasset" 695
"../../../Engine/Content/EngineMaterials/Widget3DPassThrough.uasset" 696
"../../../Engine/Content/EngineMaterials/Widget3DPassThrough_Masked.uasset" 697
"../../../Engine/Content/EngineMaterials/Widget3DPassThrough_Opaque.uasset" 698
"../../../Engine/Content/EngineMaterials/Widget3DPassThrough_Masked_OneSided.uasset" 699
"../../../Engine/Content/EngineMaterials/Widget3DPassThrough_Opaque_OneSided.uasset" 700
"../../../Engine/Content/EngineMaterials/Widget3DPassThrough_Translucent.uasset" 701
"../../../Engine/Content/EngineMaterials/Widget3DPassThrough_Translucent_OneSided.uasset" 702
"../../../Engine/Content/EngineMeshes/Cube.uasset" 703
"../../../Engine/Content/EngineMeshes/Cylinder.uasset" 704
"../../../Engine/Content/EngineMeshes/Sphere.uasset" 705
"../../../Engine/Content/EngineResources/Black.uasset" 706
"../../../Engine/Content/EngineResources/DefaultTexture.uasset" 707
"../../../Engine/Content/EngineResources/DefaultTextureCube.uasset" 708
"../../../Engine/Content/EngineResources/GradientTexture0.uasset" 709
"../../../Engine/Content/EngineSounds/Master.uasset" 710
"../../../Engine/Content/Functions/Engine_MaterialFunctions01/Shading/ConvertFromDiffSpec.uasset" 711
"../../../Engine/Content/Functions/Engine_MaterialFunctions01/Shading/PowerToRoughness.uasset" 712
"../../../Engine/Content/Maps/Templates/Thumbnails/Default.uasset" 713
"../../../Engine/Content/Maps/Templates/Thumbnails/VR-Basic.uasset" 714
"../../../Engine/Content/MobileResources/T_MobileControls_texture.uasset" 715
"../../../Engine/Content/MobileResources/T_MobileMenu2.uasset" 716
"../../../Engine/Content/MobileResources/HUD/AnalogHat.uasset" 717
"../../../Engine/Content/MobileResources/HUD/VirtualJoystick_Background.uasset" 718
"../../../Engine/Content/MobileResources/HUD/VirtualJoystick_Thumb.uasset" 719
"../../../Engine/Content/MobileResources/HUD/DefaultVirtualJoysticks.uasset" 720
"../../../Engine/Content/MobileResources/HUD/LeftVirtualJoystickOnly.uasset" 721
"../../../Engine/Content/MobileResources/HUD/MobileHUDButton1_off.uasset" 722
"../../../Engine/Content/MobileResources/HUD/MobileHUDButton1_on.uasset" 723
"../../../Engine/Content/MobileResources/HUD/MobileHUDButton2_off.uasset" 724
"../../../Engine/Content/MobileResources/HUD/MobileHUDButton2_on.uasset" 725
"../../../Engine/Content/MobileResources/HUD/MobileHUDButton3.uasset" 726
"../../../Engine/Content/MobileResources/HUD/MobileHUDButtonFire.uasset" 727
"../../../Engine/Content/MobileResources/HUD/MobileHUDDirectionPad.uasset" 728
"../../../Engine/Content/MobileResources/HUD/MobileHUDDirectionPad2.uasset" 729
"../../../Engine/Content/MobileResources/HUD/MobileHUDDirectionPad3.uasset" 730
"../../../Engine/Content/MobileResources/HUD/MobileHUDDirectionStick.uasset" 731
"../../../Engine/Content/MobileResources/HUD/T_Castle_ThumbstickInner.uasset" 732
"../../../Engine/Content/MobileResources/HUD/T_Castle_ThumbstickOutter.uasset" 733
"../../../Engine/Content/Tutorial/ContentIntroCurve.uasset" 734
"../../../Engine/Content/Tutorial/Basics/TutorialAssets/icon_tab_Levels_40x.uasset" 735
"../../../Engine/Content/Tutorial/BlueprintTutorials/TutorialAssets/BlueprintInterface_64x.uasset" 736
"../../../Engine/Content/Tutorial/BlueprintTutorials/TutorialAssets/BlueprintMacroLibrary_64x.uasset" 737
"../../../Engine/Content/Tutorial/BlueprintTutorials/TutorialAssets/Blueprint_64x.uasset" 738
"../../../Engine/Content/Tutorial/BlueprintTutorials/TutorialAssets/Tutorial_BP_Interface.uasset" 739
"../../../Engine/Content/Tutorial/Foliage/TutorialAssets/Foliage.uasset" 740
"../../../Engine/Content/Tutorial/Landscape/TutorialAssets/Landscape.uasset" 741
"../../../Engine/Content/Tutorial/Paper2D/TutorialAssets/Paper2DFlipbook_TutorialIcon.uasset" 742
"../../../Engine/Content/Tutorial/Paper2D/TutorialAssets/Paper2DSprite_TutorialIcon.uasset" 743
"../../../Engine/Content/Tutorial/SubEditors/TutorialAssets/icon_Editor_Preferences_General_40x.uasset" 744
"../../../Engine/Content/Tutorial/SubEditors/TutorialAssets/icon_ShowSkeletalMeshes_40x.uasset" 745
"../../../Engine/Content/Tutorial/SubEditors/TutorialAssets/TutorialMaterial.uasset" 746
"../../../Engine/Content/Tutorial/SubEditors/TutorialAssets/T_SmokeSubUV_8X8.uasset" 747
"../../../Engine/Content/Tutorial/SubEditors/TutorialAssets/T_soft_smoke.uasset" 748
"../../../Engine/Content/Tutorial/SubEditors/TutorialAssets/M_smoke_subUV_blackbody.uasset" 749
"../../../Engine/Content/Tutorial/SubEditors/TutorialAssets/TutorialParticleSystem.uasset" 750
"../../../Engine/Content/VREditor/Devices/Generic/GenericHMDMaterial.uasset" 751
"../../../Engine/Content/VREditor/Devices/Generic/GenericHMD.uasset" 752
"../../../Engine/Content/Functions/Engine_MaterialFunctions02/Utility/BreakOutFloat3Components.uasset" 753
"../../../Engine/Content/VREditor/Devices/Vive/VivePreController_MasksB.uasset" 754
"../../../Engine/Content/VREditor/Devices/Oculus/OculusControllerMaterial.uasset" 755
"../../../Engine/Content/VREditor/Devices/Oculus/OculusControllerMaterial_Inst.uasset" 756
"../../../Engine/Content/VREditor/Devices/Oculus/OculusControllerMesh.uasset" 757
"../../../Engine/Content/VREditor/Devices/Vive/T_VivePreController_EM.uasset" 758
"../../../Engine/Content/VREditor/Devices/Vive/VivePreController_MasksA.uasset" 759
"../../../Engine/Content/VREditor/Devices/Vive/VivePreControllerDiffuse.uasset" 760
"../../../Engine/Content/VREditor/Devices/Vive/VivePreControllerSpec.uasset" 761
"../../../Engine/Content/VREditor/LaserPointer/VR_LaserPower_01.uasset" 762
"../../../Engine/Content/VREditor/Devices/Vive/VivePreControllerMaterial.uasset" 763
"../../../Engine/Content/VREditor/Devices/Vive/VivePreControllerMaterial_Inst.uasset" 764
"../../../Engine/Content/VREditor/Devices/Vive/VivePreControllerMesh.uasset" 765
"../../../Engine/Content/VREditor/FloatingText/LineMaterial.uasset" 766
"../../../Engine/Content/VREditor/FloatingText/JointSphere.uasset" 767
"../../../Engine/Content/VREditor/FloatingText/LineSegmentCylinder.uasset" 768
"../../../Engine/Content/VREditor/Fonts/VRText_RobotoLarge.uasset" 769
"../../../Engine/Content/VREditor/Fonts/VRTextMaterial.uasset" 770
"../../../Engine/Content/VREditor/Fonts/TranslucentVRTextMaterial.uasset" 771
"../../../Engine/Content/VREditor/LaserPointer/CursorPointer.uasset" 772
"../../../Engine/Content/VREditor/TransformGizmo/TransformGizmoMaterial.uasset" 773
"../../../Engine/Content/VREditor/LaserPointer/HoverMaterial.uasset" 774
"../../../Engine/Content/VREditor/TransformGizmo/TranslucentTransformGizmoMaterial.uasset" 775
"../../../Engine/Content/VREditor/LaserPointer/TranslucentHoverMaterial.uasset" 776
"../../../Engine/Content/VREditor/LaserPointer/HoverMesh.uasset" 777
"../../../Engine/Content/VREditor/LaserPointer/LaserPointerMaterial.uasset" 778
"../../../Engine/Content/VREditor/LaserPointer/LaserPointerMaterialInst.uasset" 779
"../../../Engine/Content/VREditor/LaserPointer/TranslucentLaserPointerMaterialInst.uasset" 780
"../../../Engine/Content/VREditor/LaserPointer/LaserPointerMesh.uasset" 781
"../../../Engine/Content/VREditor/LaserPointer/LaserPointerMesh_End.uasset" 782
"../../../Engine/Content/VREditor/LaserPointer/LaserPointerMesh_Start.uasset" 783
"../../../Engine/Content/VREditor/Sounds/VR_teleport.uasset" 784
"../../../Engine/Content/VREditor/Sounds/UI/Click_on_Button.uasset" 785
"../../../Engine/Content/VREditor/Sounds/UI/Click_on_Button_Cue.uasset" 786
"../../../Engine/Content/VREditor/Sounds/UI/Dockable_Window_Close.uasset" 787
"../../../Engine/Content/VREditor/Sounds/UI/Dockable_Window_Drop.uasset" 788
"../../../Engine/Content/VREditor/Sounds/UI/Dockable_Window_Open.uasset" 789
"../../../Engine/Content/VREditor/Sounds/UI/Dockable_Window_Pick_Up.uasset" 790
"../../../Engine/Content/VREditor/Sounds/UI/Drop_Item_From_ContentBrowser.uasset" 791
"../../../Engine/Content/VREditor/Sounds/UI/Floating_UI_Open-001.uasset" 792
"../../../Engine/Content/VREditor/Sounds/UI/Radial_Menu_FadeOut.uasset" 793
"../../../Engine/Content/VREditor/Sounds/UI/Teleport_Mode_Entered.uasset" 794
"../../../Engine/Content/VREditor/Teleport/TeleportDirectionMaterial.uasset" 795
"../../../Engine/Content/VREditor/Teleport/TeleportDirectionMaterial_Inst.uasset" 796
"../../../Engine/Content/VREditor/Teleport/TeleportDirectionMesh.uasset" 797
"../../../Engine/Content/VREditor/TransformGizmo/BoundingBoxCorner.uasset" 798
"../../../Engine/Content/VREditor/TransformGizmo/BoundingBoxEdge.uasset" 799
"../../../Engine/Content/VREditor/TransformGizmo/PlaneTranslationHandle.uasset" 800
"../../../Engine/Content/VREditor/TransformGizmo/Main.uasset" 801
"../../../Engine/Content/VREditor/TransformGizmo/Xray.uasset" 802
"../../../Engine/Content/VREditor/TransformGizmo/SM_Dialog_Close.uasset" 803
"../../../Engine/Content/VREditor/TransformGizmo/SM_Dialog_Move.uasset" 804
"../../../Engine/Content/VREditor/TransformGizmo/SM_Sequencer_Key.uasset" 805
"../../../Engine/Content/VREditor/TransformGizmo/SM_Sequencer_Node.uasset" 806
"../../../Engine/Content/VREditor/TransformGizmo/TransformGizmoMaterial_Inst.uasset" 807
"../../../Engine/Content/VREditor/TransformGizmo/TranslucentTransformGizmoMaterial_Inst.uasset" 808
"../../../Engine/Content/VREditor/Devices/Vive/UE4_Logo.uasset" 809
"../../../Engine/Content/VREditor/UI/M_ContentWindow.uasset" 810
"../../../Engine/Content/VREditor/UI/SM_ContentWindow_01.uasset" 811
"../../../Engine/Content/VREditor/UI/KeyDiskMaterial.uasset" 812
"../../../Engine/Content/VREditor/UI/DiscMaterial.uasset" 813
"../../../Engine/Content/VREditor/UI/SM_Radial_Disk.uasset" 814
"../../../Engine/Content/VREditor/UI/ArrowMaterial.uasset" 815
"../../../Engine/Content/VREditor/UI/SM_Radial_Pointer.uasset" 816
"../../../Engine/Content/VREditor/WorldMovementGrid/SimpleGrid.uasset" 817
"../../../Engine/Content/VREditor/WorldMovementGrid/GridMaterial.uasset" 818
"../../../Engine/Content/VREditor/WorldMovementGrid/GridPostProcess.uasset" 819
"../../../Engine/Content/EditorLandscapeResources/FlattenHeightMat.uasset" 820
"../../../Engine/Content/VREditor/WorldMovementGrid/PlaneMesh.uasset" 821
"../../Plugins/2D/Paper2D/Content/DummySprite.uasset" 822
"../../Plugins/2D/Paper2D/Content/DefaultPaperTerrainMaterial.uasset" 823
"../../Plugins/2D/Paper2D/Content/MaskedUnlitSpriteMaterial.uasset" 824
"../../Plugins/2D/Paper2D/Content/OpaqueUnlitSpriteMaterial.uasset" 825
"../../Plugins/Media/MediaCompositing/Content/DefaultMediaPlaneTexture.uasset" 826
"../../Plugins/Media/MediaCompositing/Content/DefaultMediaPlaneMaterial.uasset" 827
"../../../Engine/Content/Functions/Engine_MaterialFunctions02/Utility/MakeFloat4.uasset" 828
"../../Plugins/Runtime/AppleARKit/Content/ARKitCameraMaterial.uasset" 829
"../../Plugins/Runtime/Oculus/OculusVR/Content/Textures/GearVRController_AO.uasset" 830
"../../Plugins/Runtime/Oculus/OculusVR/Content/Textures/GearVRController_Color.uasset" 831
"../../Plugins/Runtime/Oculus/OculusVR/Content/Textures/GearVRController_Normal.uasset" 832
"../../Plugins/Runtime/Oculus/OculusVR/Content/Materials/GearVRControllerMaterial.uasset" 833
"../../Plugins/Runtime/Oculus/OculusVR/Content/Meshes/GearVrController.uasset" 834
"../../../Engine/Content/EngineSky/C_Sky_Cloud_Color.uasset" 835
"../../../Engine/Content/EngineSky/C_Sky_Horizon_Color.uasset" 836
"../../../Engine/Content/EngineSky/C_Sky_Zenith_Color.uasset" 837
"../../../Engine/Content/EngineSky/T_Sky_Blue.uasset" 838
"../../../Engine/Content/EngineSky/T_Sky_Clouds_M.uasset" 839
"../../../Engine/Content/EngineSky/T_Sky_Stars.uasset" 840
"../../../Engine/Content/EngineSky/M_Sky_Panning_Clouds2.uasset" 841
"../../../Engine/Content/EngineSky/SM_SkySphere.uasset" 842
"../../../Engine/Content/EngineSky/BP_Sky_Sphere.uasset" 843
"//StuHome/HomeDrive1$/1804281/Desktop/TheVeil/Content/Blueprints/VeilGameMode.uasset" 844
"//StuHome/HomeDrive1$/1804281/Desktop/TheVeil/Content/Maps/FirstLevel_BuiltData.uasset" 845
"//StuHome/HomeDrive1$/1804281/Desktop/TheVeil/Content/Audio/SoundFX/BackgroundMusicGame.uasset" 846
"//StuHome/HomeDrive1$/1804281/Desktop/TheVeil/Content/Audio/SoundFX/BackgroundMusicGame_Cue.uasset" 847
"//StuHome/HomeDrive1$/1804281/Desktop/TheVeil/Content/Maps/FirstLevel.umap" 848
"//StuHome/HomeDrive1$/1804281/Desktop/TheVeil/Content/Maps/StartMenu_BuiltData.uasset" 849
"//StuHome/HomeDrive1$/1804281/Desktop/TheVeil/Content/Audio/SoundFX/Menu/MainMenuSound.uasset" 850
"//StuHome/HomeDrive1$/1804281/Desktop/TheVeil/Content/Audio/SoundFX/Menu/MainMenuSound_Cue.uasset" 851
"//StuHome/HomeDrive1$/1804281/Desktop/TheVeil/Content/Audio/SoundFX/Menu/StartGame.uasset" 852
"//StuHome/HomeDrive1$/1804281/Desktop/TheVeil/Content/UI/MainMenu/Instructions.uasset" 853
"//StuHome/HomeDrive1$/1804281/Desktop/TheVeil/Content/UI/MainMenu/MainInstructions.uasset" 854
"//StuHome/HomeDrive1$/1804281/Desktop/TheVeil/Content/UI/MainMenu/scoreLine.uasset" 855
"//StuHome/HomeDrive1$/1804281/Desktop/TheVeil/Content/UI/MainMenu/Textures/MenuBackground.uasset" 856
"//StuHome/HomeDrive1$/1804281/Desktop/TheVeil/Content/UI/MainMenu/ScoreBoard.uasset" 857
"//StuHome/HomeDrive1$/1804281/Desktop/TheVeil/Content/UI/MainMenu/Textures/checked.uasset" 858
"//StuHome/HomeDrive1$/1804281/Desktop/TheVeil/Content/UI/MainMenu/Textures/unchecked.uasset" 859
"//StuHome/HomeDrive1$/1804281/Desktop/TheVeil/Content/UI/MainMenu/MainMenu.uasset" 860
"//StuHome/HomeDrive1$/1804281/Desktop/TheVeil/Content/Maps/StartMenu.umap" 861
"../../../Engine/Content/Maps/Entry.umap" 862
